<?xml version="1.0" encoding="UTF-8"?>
<robot generator="Robot 5.0.1 (Python 3.9.12 on win32)" generated="20220721 01:29:44.311" rpa="false" schemaversion="3">
<suite id="s1" name="SwagLabs-Robotframework" source="D:\AUTOMATION\TRAINING\POM\SauceDemo - RobotFramework\Tests\SwagLabs-Robotframework.robot">
<test id="s1-t1" name="Verify Successful Login" line="10">
<kw name="Given Login Page is Open" library="LoginPage">
<kw name="Open Browser" library="SeleniumLibrary">
<arg>${URL}</arg>
<arg>Chrome</arg>
<doc>Opens a new browser instance to the optional ``url``.</doc>
<msg timestamp="20220721 01:29:44.640" level="INFO">Opening browser 'Chrome' to base url 'https://www.saucedemo.com/'.</msg>
<status status="PASS" starttime="20220721 01:29:44.640" endtime="20220721 01:29:48.377"/>
</kw>
<kw name="Maximize Browser Window" library="SeleniumLibrary">
<doc>Maximizes current browser window.</doc>
<status status="PASS" starttime="20220721 01:29:48.378" endtime="20220721 01:29:48.503"/>
</kw>
<kw name="Step" library="Common">
<arg>Abrir navegador y nos dirigimos a la url: ${URL}</arg>
<kw name="Evaluate" library="BuiltIn">
<var>${step_number}</var>
<arg>${step_number} + 1</arg>
<doc>Evaluates the given expression in Python and returns the result.</doc>
<msg timestamp="20220721 01:29:48.503" level="INFO">${step_number} = 1</msg>
<status status="PASS" starttime="20220721 01:29:48.503" endtime="20220721 01:29:48.503"/>
</kw>
<kw name="Log Console and Log" library="Common">
<arg>Step ${step_number}: ${message}</arg>
<doc>Allow us to enter a message both in console and in the log</doc>
<kw name="Get Time" library="BuiltIn">
<var>${_timestamp}</var>
<doc>Returns the given time in the requested format.</doc>
<msg timestamp="20220721 01:29:48.503" level="INFO">${_timestamp} = 2022-07-21 01:29:48</msg>
<status status="PASS" starttime="20220721 01:29:48.503" endtime="20220721 01:29:48.503"/>
</kw>
<kw name="Log" library="BuiltIn">
<arg>${message}</arg>
<doc>Logs the given message with the given level.</doc>
<msg timestamp="20220721 01:29:48.503" level="INFO">Step 1: Abrir navegador y nos dirigimos a la url: https://www.saucedemo.com/</msg>
<status status="PASS" starttime="20220721 01:29:48.503" endtime="20220721 01:29:48.503"/>
</kw>
<kw name="Log To Console" library="BuiltIn">
<arg>${_timestamp} -- ${message}</arg>
<doc>Logs the given message to the console.</doc>
<status status="PASS" starttime="20220721 01:29:48.503" endtime="20220721 01:29:48.503"/>
</kw>
<status status="PASS" starttime="20220721 01:29:48.503" endtime="20220721 01:29:48.503"/>
</kw>
<kw name="Set Test Variable" library="BuiltIn">
<arg>${step_number}</arg>
<doc>Makes a variable available everywhere within the scope of the current test.</doc>
<msg timestamp="20220721 01:29:48.503" level="INFO">${step_number} = 1</msg>
<status status="PASS" starttime="20220721 01:29:48.503" endtime="20220721 01:29:48.503"/>
</kw>
<status status="PASS" starttime="20220721 01:29:48.503" endtime="20220721 01:29:48.503"/>
</kw>
<kw name="Set Selenium Speed" library="SeleniumLibrary">
<arg>0.2s</arg>
<doc>Sets the delay that is waited after each Selenium command.</doc>
<status status="PASS" starttime="20220721 01:29:48.503" endtime="20220721 01:29:48.503"/>
</kw>
<kw name="Wait Until Element Is Visible And Enabled" library="Common">
<arg>${LoginUsernameInputBox}</arg>
<arg>${Timeout}</arg>
<kw name="Run Keyword And Return Status" library="BuiltIn">
<var>${VISIBLE}</var>
<arg>Wait Until Element Is Visible</arg>
<arg>${WEB_ELEMENT}</arg>
<doc>Runs the given keyword with given arguments and returns the status as a Boolean value.</doc>
<kw name="Wait Until Element Is Visible" library="SeleniumLibrary">
<arg>${WEB_ELEMENT}</arg>
<doc>Waits until the element ``locator`` is visible.</doc>
<status status="PASS" starttime="20220721 01:29:48.503" endtime="20220721 01:29:48.935"/>
</kw>
<msg timestamp="20220721 01:29:48.935" level="INFO">${VISIBLE} = True</msg>
<status status="PASS" starttime="20220721 01:29:48.503" endtime="20220721 01:29:48.935"/>
</kw>
<if>
<branch type="IF" condition="${VISIBLE}">
<kw name="Run Keyword And Return Status" library="BuiltIn">
<var>${ENABLED}</var>
<arg>Wait Until Element Is Enabled</arg>
<arg>${WEB_ELEMENT}</arg>
<doc>Runs the given keyword with given arguments and returns the status as a Boolean value.</doc>
<kw name="Wait Until Element Is Enabled" library="SeleniumLibrary">
<arg>${WEB_ELEMENT}</arg>
<doc>Waits until the element ``locator`` is enabled.</doc>
<status status="PASS" starttime="20220721 01:29:48.935" endtime="20220721 01:29:49.574"/>
</kw>
<msg timestamp="20220721 01:29:49.574" level="INFO">${ENABLED} = True</msg>
<status status="PASS" starttime="20220721 01:29:48.935" endtime="20220721 01:29:49.574"/>
</kw>
<if>
<branch type="IF" condition="${ENABLED}">
<kw name="Get WebElement" library="SeleniumLibrary">
<var>${WebElement}</var>
<arg>${WEB_ELEMENT}</arg>
<doc>Returns the first WebElement matching the given ``locator``.</doc>
<msg timestamp="20220721 01:29:49.797" level="INFO">${WebElement} = &lt;selenium.webdriver.remote.webelement.WebElement (session="41d56c579a06635ba783cfebdadc7b76", element="c5c0d82c-b1b4-4233-bd91-26973a64d91f")&gt;</msg>
<status status="PASS" starttime="20220721 01:29:49.574" endtime="20220721 01:29:49.797"/>
</kw>
<kw name="Highlight" library="CustomLibrary">
<arg>${WebElement}</arg>
<doc>Highlights (blinks) a Selenium Webdriver element</doc>
<status status="PASS" starttime="20220721 01:29:49.797" endtime="20220721 01:29:50.961"/>
</kw>
<status status="PASS" starttime="20220721 01:29:49.574" endtime="20220721 01:29:50.961"/>
</branch>
<status status="PASS" starttime="20220721 01:29:49.574" endtime="20220721 01:29:50.961"/>
</if>
<if>
<branch type="IF" condition="not ${ENABLED}">
<kw name="Run Keyword And Continue On Failure" library="BuiltIn">
<arg>Fail</arg>
<arg>El Elemento ${ELEMENT} no se ha habilitado, verifique la ruta.</arg>
<doc>Runs the keyword and continues execution even if a failure occurs.</doc>
<status status="NOT RUN" starttime="20220721 01:29:50.962" endtime="20220721 01:29:50.962"/>
</kw>
<status status="NOT RUN" starttime="20220721 01:29:50.961" endtime="20220721 01:29:50.962"/>
</branch>
<status status="PASS" starttime="20220721 01:29:50.961" endtime="20220721 01:29:50.962"/>
</if>
<status status="PASS" starttime="20220721 01:29:48.935" endtime="20220721 01:29:50.962"/>
</branch>
<branch type="ELSE">
<kw name="Run Keyword And Continue On Failure" library="BuiltIn">
<arg>Fail</arg>
<arg>El Elemento ${WEB_ELEMENT} no fue encontrado, verifique la ruta.</arg>
<doc>Runs the keyword and continues execution even if a failure occurs.</doc>
<status status="NOT RUN" starttime="20220721 01:29:50.962" endtime="20220721 01:29:50.962"/>
</kw>
<status status="NOT RUN" starttime="20220721 01:29:50.962" endtime="20220721 01:29:50.962"/>
</branch>
<status status="PASS" starttime="20220721 01:29:48.935" endtime="20220721 01:29:50.962"/>
</if>
<status status="PASS" starttime="20220721 01:29:48.503" endtime="20220721 01:29:50.962"/>
</kw>
<status status="PASS" starttime="20220721 01:29:44.624" endtime="20220721 01:29:50.962"/>
</kw>
<kw name="When Input valid username and password" library="LoginPage">
<kw name="Step" library="Common">
<arg>Ingresamos Usuario</arg>
<kw name="Evaluate" library="BuiltIn">
<var>${step_number}</var>
<arg>${step_number} + 1</arg>
<doc>Evaluates the given expression in Python and returns the result.</doc>
<msg timestamp="20220721 01:29:50.964" level="INFO">${step_number} = 2</msg>
<status status="PASS" starttime="20220721 01:29:50.963" endtime="20220721 01:29:50.964"/>
</kw>
<kw name="Log Console and Log" library="Common">
<arg>Step ${step_number}: ${message}</arg>
<doc>Allow us to enter a message both in console and in the log</doc>
<kw name="Get Time" library="BuiltIn">
<var>${_timestamp}</var>
<doc>Returns the given time in the requested format.</doc>
<msg timestamp="20220721 01:29:50.964" level="INFO">${_timestamp} = 2022-07-21 01:29:50</msg>
<status status="PASS" starttime="20220721 01:29:50.964" endtime="20220721 01:29:50.964"/>
</kw>
<kw name="Log" library="BuiltIn">
<arg>${message}</arg>
<doc>Logs the given message with the given level.</doc>
<msg timestamp="20220721 01:29:50.965" level="INFO">Step 2: Ingresamos Usuario</msg>
<status status="PASS" starttime="20220721 01:29:50.965" endtime="20220721 01:29:50.965"/>
</kw>
<kw name="Log To Console" library="BuiltIn">
<arg>${_timestamp} -- ${message}</arg>
<doc>Logs the given message to the console.</doc>
<status status="PASS" starttime="20220721 01:29:50.965" endtime="20220721 01:29:50.965"/>
</kw>
<status status="PASS" starttime="20220721 01:29:50.964" endtime="20220721 01:29:50.966"/>
</kw>
<kw name="Set Test Variable" library="BuiltIn">
<arg>${step_number}</arg>
<doc>Makes a variable available everywhere within the scope of the current test.</doc>
<msg timestamp="20220721 01:29:50.966" level="INFO">${step_number} = 2</msg>
<status status="PASS" starttime="20220721 01:29:50.966" endtime="20220721 01:29:50.966"/>
</kw>
<status status="PASS" starttime="20220721 01:29:50.963" endtime="20220721 01:29:50.966"/>
</kw>
<kw name="Input Text" library="SeleniumLibrary">
<arg>${LoginUsernameInputBox}</arg>
<arg>${Username}</arg>
<doc>Types the given ``text`` into the text field identified by ``locator``.</doc>
<msg timestamp="20220721 01:29:50.967" level="INFO">Typing text 'standard_user' into text field 'user-name'.</msg>
<status status="PASS" starttime="20220721 01:29:50.966" endtime="20220721 01:29:51.702"/>
</kw>
<kw name="Wait Until Element Is Visible And Enabled" library="Common">
<arg>${LoginPasswordInputBox}</arg>
<arg>${Timeout}</arg>
<kw name="Run Keyword And Return Status" library="BuiltIn">
<var>${VISIBLE}</var>
<arg>Wait Until Element Is Visible</arg>
<arg>${WEB_ELEMENT}</arg>
<doc>Runs the given keyword with given arguments and returns the status as a Boolean value.</doc>
<kw name="Wait Until Element Is Visible" library="SeleniumLibrary">
<arg>${WEB_ELEMENT}</arg>
<doc>Waits until the element ``locator`` is visible.</doc>
<status status="PASS" starttime="20220721 01:29:51.703" endtime="20220721 01:29:52.142"/>
</kw>
<msg timestamp="20220721 01:29:52.142" level="INFO">${VISIBLE} = True</msg>
<status status="PASS" starttime="20220721 01:29:51.703" endtime="20220721 01:29:52.142"/>
</kw>
<if>
<branch type="IF" condition="${VISIBLE}">
<kw name="Run Keyword And Return Status" library="BuiltIn">
<var>${ENABLED}</var>
<arg>Wait Until Element Is Enabled</arg>
<arg>${WEB_ELEMENT}</arg>
<doc>Runs the given keyword with given arguments and returns the status as a Boolean value.</doc>
<kw name="Wait Until Element Is Enabled" library="SeleniumLibrary">
<arg>${WEB_ELEMENT}</arg>
<doc>Waits until the element ``locator`` is enabled.</doc>
<status status="PASS" starttime="20220721 01:29:52.142" endtime="20220721 01:29:52.797"/>
</kw>
<msg timestamp="20220721 01:29:52.797" level="INFO">${ENABLED} = True</msg>
<status status="PASS" starttime="20220721 01:29:52.142" endtime="20220721 01:29:52.797"/>
</kw>
<if>
<branch type="IF" condition="${ENABLED}">
<kw name="Get WebElement" library="SeleniumLibrary">
<var>${WebElement}</var>
<arg>${WEB_ELEMENT}</arg>
<doc>Returns the first WebElement matching the given ``locator``.</doc>
<msg timestamp="20220721 01:29:53.000" level="INFO">${WebElement} = &lt;selenium.webdriver.remote.webelement.WebElement (session="41d56c579a06635ba783cfebdadc7b76", element="6739df53-21cc-4da9-a7f7-21878911b7a8")&gt;</msg>
<status status="PASS" starttime="20220721 01:29:52.797" endtime="20220721 01:29:53.000"/>
</kw>
<kw name="Highlight" library="CustomLibrary">
<arg>${WebElement}</arg>
<doc>Highlights (blinks) a Selenium Webdriver element</doc>
<status status="PASS" starttime="20220721 01:29:53.000" endtime="20220721 01:29:54.129"/>
</kw>
<status status="PASS" starttime="20220721 01:29:52.797" endtime="20220721 01:29:54.129"/>
</branch>
<status status="PASS" starttime="20220721 01:29:52.797" endtime="20220721 01:29:54.129"/>
</if>
<if>
<branch type="IF" condition="not ${ENABLED}">
<kw name="Run Keyword And Continue On Failure" library="BuiltIn">
<arg>Fail</arg>
<arg>El Elemento ${ELEMENT} no se ha habilitado, verifique la ruta.</arg>
<doc>Runs the keyword and continues execution even if a failure occurs.</doc>
<status status="NOT RUN" starttime="20220721 01:29:54.129" endtime="20220721 01:29:54.129"/>
</kw>
<status status="NOT RUN" starttime="20220721 01:29:54.129" endtime="20220721 01:29:54.129"/>
</branch>
<status status="PASS" starttime="20220721 01:29:54.129" endtime="20220721 01:29:54.129"/>
</if>
<status status="PASS" starttime="20220721 01:29:52.142" endtime="20220721 01:29:54.129"/>
</branch>
<branch type="ELSE">
<kw name="Run Keyword And Continue On Failure" library="BuiltIn">
<arg>Fail</arg>
<arg>El Elemento ${WEB_ELEMENT} no fue encontrado, verifique la ruta.</arg>
<doc>Runs the keyword and continues execution even if a failure occurs.</doc>
<status status="NOT RUN" starttime="20220721 01:29:54.129" endtime="20220721 01:29:54.129"/>
</kw>
<status status="NOT RUN" starttime="20220721 01:29:54.129" endtime="20220721 01:29:54.129"/>
</branch>
<status status="PASS" starttime="20220721 01:29:52.142" endtime="20220721 01:29:54.129"/>
</if>
<status status="PASS" starttime="20220721 01:29:51.702" endtime="20220721 01:29:54.129"/>
</kw>
<kw name="Step" library="Common">
<arg>Ingresamos Contraseña</arg>
<kw name="Evaluate" library="BuiltIn">
<var>${step_number}</var>
<arg>${step_number} + 1</arg>
<doc>Evaluates the given expression in Python and returns the result.</doc>
<msg timestamp="20220721 01:29:54.129" level="INFO">${step_number} = 3</msg>
<status status="PASS" starttime="20220721 01:29:54.129" endtime="20220721 01:29:54.129"/>
</kw>
<kw name="Log Console and Log" library="Common">
<arg>Step ${step_number}: ${message}</arg>
<doc>Allow us to enter a message both in console and in the log</doc>
<kw name="Get Time" library="BuiltIn">
<var>${_timestamp}</var>
<doc>Returns the given time in the requested format.</doc>
<msg timestamp="20220721 01:29:54.129" level="INFO">${_timestamp} = 2022-07-21 01:29:54</msg>
<status status="PASS" starttime="20220721 01:29:54.129" endtime="20220721 01:29:54.129"/>
</kw>
<kw name="Log" library="BuiltIn">
<arg>${message}</arg>
<doc>Logs the given message with the given level.</doc>
<msg timestamp="20220721 01:29:54.129" level="INFO">Step 3: Ingresamos Contraseña</msg>
<status status="PASS" starttime="20220721 01:29:54.129" endtime="20220721 01:29:54.129"/>
</kw>
<kw name="Log To Console" library="BuiltIn">
<arg>${_timestamp} -- ${message}</arg>
<doc>Logs the given message to the console.</doc>
<status status="PASS" starttime="20220721 01:29:54.129" endtime="20220721 01:29:54.129"/>
</kw>
<status status="PASS" starttime="20220721 01:29:54.129" endtime="20220721 01:29:54.129"/>
</kw>
<kw name="Set Test Variable" library="BuiltIn">
<arg>${step_number}</arg>
<doc>Makes a variable available everywhere within the scope of the current test.</doc>
<msg timestamp="20220721 01:29:54.129" level="INFO">${step_number} = 3</msg>
<status status="PASS" starttime="20220721 01:29:54.129" endtime="20220721 01:29:54.129"/>
</kw>
<status status="PASS" starttime="20220721 01:29:54.129" endtime="20220721 01:29:54.129"/>
</kw>
<kw name="Input Password" library="SeleniumLibrary">
<arg>${LoginPasswordInputBox}</arg>
<arg>${password}</arg>
<doc>Types the given password into the text field identified by ``locator``.</doc>
<msg timestamp="20220721 01:29:54.129" level="INFO">Typing password into text field 'password'.</msg>
<msg timestamp="20220721 01:29:54.575" level="INFO">Temporally setting log level to: NONE</msg>
<msg timestamp="20220721 01:29:54.829" level="INFO">Log level changed from NONE to INFO.</msg>
<status status="PASS" starttime="20220721 01:29:54.129" endtime="20220721 01:29:54.829"/>
</kw>
<kw name="Wait Until Element Is Visible And Enabled" library="Common">
<arg>${LoginButton}</arg>
<arg>${Timeout}</arg>
<kw name="Run Keyword And Return Status" library="BuiltIn">
<var>${VISIBLE}</var>
<arg>Wait Until Element Is Visible</arg>
<arg>${WEB_ELEMENT}</arg>
<doc>Runs the given keyword with given arguments and returns the status as a Boolean value.</doc>
<kw name="Wait Until Element Is Visible" library="SeleniumLibrary">
<arg>${WEB_ELEMENT}</arg>
<doc>Waits until the element ``locator`` is visible.</doc>
<status status="PASS" starttime="20220721 01:29:54.829" endtime="20220721 01:29:55.254"/>
</kw>
<msg timestamp="20220721 01:29:55.254" level="INFO">${VISIBLE} = True</msg>
<status status="PASS" starttime="20220721 01:29:54.829" endtime="20220721 01:29:55.254"/>
</kw>
<if>
<branch type="IF" condition="${VISIBLE}">
<kw name="Run Keyword And Return Status" library="BuiltIn">
<var>${ENABLED}</var>
<arg>Wait Until Element Is Enabled</arg>
<arg>${WEB_ELEMENT}</arg>
<doc>Runs the given keyword with given arguments and returns the status as a Boolean value.</doc>
<kw name="Wait Until Element Is Enabled" library="SeleniumLibrary">
<arg>${WEB_ELEMENT}</arg>
<doc>Waits until the element ``locator`` is enabled.</doc>
<status status="PASS" starttime="20220721 01:29:55.254" endtime="20220721 01:29:55.880"/>
</kw>
<msg timestamp="20220721 01:29:55.880" level="INFO">${ENABLED} = True</msg>
<status status="PASS" starttime="20220721 01:29:55.254" endtime="20220721 01:29:55.880"/>
</kw>
<if>
<branch type="IF" condition="${ENABLED}">
<kw name="Get WebElement" library="SeleniumLibrary">
<var>${WebElement}</var>
<arg>${WEB_ELEMENT}</arg>
<doc>Returns the first WebElement matching the given ``locator``.</doc>
<msg timestamp="20220721 01:29:56.083" level="INFO">${WebElement} = &lt;selenium.webdriver.remote.webelement.WebElement (session="41d56c579a06635ba783cfebdadc7b76", element="c63bd3d7-4eb2-4bd6-aff3-e53c2e3da76b")&gt;</msg>
<status status="PASS" starttime="20220721 01:29:55.880" endtime="20220721 01:29:56.083"/>
</kw>
<kw name="Highlight" library="CustomLibrary">
<arg>${WebElement}</arg>
<doc>Highlights (blinks) a Selenium Webdriver element</doc>
<status status="PASS" starttime="20220721 01:29:56.083" endtime="20220721 01:29:57.213"/>
</kw>
<status status="PASS" starttime="20220721 01:29:55.880" endtime="20220721 01:29:57.213"/>
</branch>
<status status="PASS" starttime="20220721 01:29:55.880" endtime="20220721 01:29:57.213"/>
</if>
<if>
<branch type="IF" condition="not ${ENABLED}">
<kw name="Run Keyword And Continue On Failure" library="BuiltIn">
<arg>Fail</arg>
<arg>El Elemento ${ELEMENT} no se ha habilitado, verifique la ruta.</arg>
<doc>Runs the keyword and continues execution even if a failure occurs.</doc>
<status status="NOT RUN" starttime="20220721 01:29:57.213" endtime="20220721 01:29:57.213"/>
</kw>
<status status="NOT RUN" starttime="20220721 01:29:57.213" endtime="20220721 01:29:57.213"/>
</branch>
<status status="PASS" starttime="20220721 01:29:57.213" endtime="20220721 01:29:57.213"/>
</if>
<status status="PASS" starttime="20220721 01:29:55.254" endtime="20220721 01:29:57.213"/>
</branch>
<branch type="ELSE">
<kw name="Run Keyword And Continue On Failure" library="BuiltIn">
<arg>Fail</arg>
<arg>El Elemento ${WEB_ELEMENT} no fue encontrado, verifique la ruta.</arg>
<doc>Runs the keyword and continues execution even if a failure occurs.</doc>
<status status="NOT RUN" starttime="20220721 01:29:57.213" endtime="20220721 01:29:57.213"/>
</kw>
<status status="NOT RUN" starttime="20220721 01:29:57.213" endtime="20220721 01:29:57.213"/>
</branch>
<status status="PASS" starttime="20220721 01:29:55.254" endtime="20220721 01:29:57.213"/>
</if>
<status status="PASS" starttime="20220721 01:29:54.829" endtime="20220721 01:29:57.213"/>
</kw>
<kw name="Step" library="Common">
<arg>Hacer Click en el boton de Login.</arg>
<kw name="Evaluate" library="BuiltIn">
<var>${step_number}</var>
<arg>${step_number} + 1</arg>
<doc>Evaluates the given expression in Python and returns the result.</doc>
<msg timestamp="20220721 01:29:57.213" level="INFO">${step_number} = 4</msg>
<status status="PASS" starttime="20220721 01:29:57.213" endtime="20220721 01:29:57.213"/>
</kw>
<kw name="Log Console and Log" library="Common">
<arg>Step ${step_number}: ${message}</arg>
<doc>Allow us to enter a message both in console and in the log</doc>
<kw name="Get Time" library="BuiltIn">
<var>${_timestamp}</var>
<doc>Returns the given time in the requested format.</doc>
<msg timestamp="20220721 01:29:57.213" level="INFO">${_timestamp} = 2022-07-21 01:29:57</msg>
<status status="PASS" starttime="20220721 01:29:57.213" endtime="20220721 01:29:57.213"/>
</kw>
<kw name="Log" library="BuiltIn">
<arg>${message}</arg>
<doc>Logs the given message with the given level.</doc>
<msg timestamp="20220721 01:29:57.213" level="INFO">Step 4: Hacer Click en el boton de Login.</msg>
<status status="PASS" starttime="20220721 01:29:57.213" endtime="20220721 01:29:57.213"/>
</kw>
<kw name="Log To Console" library="BuiltIn">
<arg>${_timestamp} -- ${message}</arg>
<doc>Logs the given message to the console.</doc>
<status status="PASS" starttime="20220721 01:29:57.213" endtime="20220721 01:29:57.213"/>
</kw>
<status status="PASS" starttime="20220721 01:29:57.213" endtime="20220721 01:29:57.213"/>
</kw>
<kw name="Set Test Variable" library="BuiltIn">
<arg>${step_number}</arg>
<doc>Makes a variable available everywhere within the scope of the current test.</doc>
<msg timestamp="20220721 01:29:57.213" level="INFO">${step_number} = 4</msg>
<status status="PASS" starttime="20220721 01:29:57.213" endtime="20220721 01:29:57.213"/>
</kw>
<status status="PASS" starttime="20220721 01:29:57.213" endtime="20220721 01:29:57.213"/>
</kw>
<kw name="Click Element" library="SeleniumLibrary">
<arg>${LoginButton}</arg>
<doc>Click the element identified by ``locator``.</doc>
<msg timestamp="20220721 01:29:57.213" level="INFO">Clicking element 'login-button'.</msg>
<status status="PASS" starttime="20220721 01:29:57.213" endtime="20220721 01:29:57.720"/>
</kw>
<status status="PASS" starttime="20220721 01:29:50.963" endtime="20220721 01:29:57.720"/>
</kw>
<kw name="Then Welcome Page should be Open" library="ProductsPage">
<kw name="Run Keyword And Return Status" library="BuiltIn">
<var>${status}</var>
<arg>Page Should Contain Element</arg>
<arg>${ProductPageHeader}</arg>
<doc>Runs the given keyword with given arguments and returns the status as a Boolean value.</doc>
<kw name="Page Should Contain Element" library="SeleniumLibrary">
<arg>${ProductPageHeader}</arg>
<doc>Verifies that element ``locator`` is found on the current page.</doc>
<msg timestamp="20220721 01:29:57.937" level="INFO">Current page contains element 'header_container'.</msg>
<status status="PASS" starttime="20220721 01:29:57.720" endtime="20220721 01:29:57.937"/>
</kw>
<msg timestamp="20220721 01:29:57.937" level="INFO">${status} = True</msg>
<status status="PASS" starttime="20220721 01:29:57.720" endtime="20220721 01:29:57.937"/>
</kw>
<if>
<branch type="IF" condition="'${status}'=='True'">
<kw name="Wait Until Element Is Visible And Enabled" library="Common">
<arg>${ProductPageHeader}</arg>
<arg>${Timeout}</arg>
<kw name="Run Keyword And Return Status" library="BuiltIn">
<var>${VISIBLE}</var>
<arg>Wait Until Element Is Visible</arg>
<arg>${WEB_ELEMENT}</arg>
<doc>Runs the given keyword with given arguments and returns the status as a Boolean value.</doc>
<kw name="Wait Until Element Is Visible" library="SeleniumLibrary">
<arg>${WEB_ELEMENT}</arg>
<doc>Waits until the element ``locator`` is visible.</doc>
<status status="PASS" starttime="20220721 01:29:57.939" endtime="20220721 01:29:58.350"/>
</kw>
<msg timestamp="20220721 01:29:58.350" level="INFO">${VISIBLE} = True</msg>
<status status="PASS" starttime="20220721 01:29:57.938" endtime="20220721 01:29:58.350"/>
</kw>
<if>
<branch type="IF" condition="${VISIBLE}">
<kw name="Run Keyword And Return Status" library="BuiltIn">
<var>${ENABLED}</var>
<arg>Wait Until Element Is Enabled</arg>
<arg>${WEB_ELEMENT}</arg>
<doc>Runs the given keyword with given arguments and returns the status as a Boolean value.</doc>
<kw name="Wait Until Element Is Enabled" library="SeleniumLibrary">
<arg>${WEB_ELEMENT}</arg>
<doc>Waits until the element ``locator`` is enabled.</doc>
<status status="PASS" starttime="20220721 01:29:58.350" endtime="20220721 01:29:58.959"/>
</kw>
<msg timestamp="20220721 01:29:58.959" level="INFO">${ENABLED} = True</msg>
<status status="PASS" starttime="20220721 01:29:58.350" endtime="20220721 01:29:58.959"/>
</kw>
<if>
<branch type="IF" condition="${ENABLED}">
<kw name="Get WebElement" library="SeleniumLibrary">
<var>${WebElement}</var>
<arg>${WEB_ELEMENT}</arg>
<doc>Returns the first WebElement matching the given ``locator``.</doc>
<msg timestamp="20220721 01:29:59.163" level="INFO">${WebElement} = &lt;selenium.webdriver.remote.webelement.WebElement (session="41d56c579a06635ba783cfebdadc7b76", element="fb625a65-b13d-4d58-a96d-292568f51742")&gt;</msg>
<status status="PASS" starttime="20220721 01:29:58.959" endtime="20220721 01:29:59.163"/>
</kw>
<kw name="Highlight" library="CustomLibrary">
<arg>${WebElement}</arg>
<doc>Highlights (blinks) a Selenium Webdriver element</doc>
<status status="PASS" starttime="20220721 01:29:59.163" endtime="20220721 01:30:00.312"/>
</kw>
<status status="PASS" starttime="20220721 01:29:58.959" endtime="20220721 01:30:00.312"/>
</branch>
<status status="PASS" starttime="20220721 01:29:58.959" endtime="20220721 01:30:00.312"/>
</if>
<if>
<branch type="IF" condition="not ${ENABLED}">
<kw name="Run Keyword And Continue On Failure" library="BuiltIn">
<arg>Fail</arg>
<arg>El Elemento ${ELEMENT} no se ha habilitado, verifique la ruta.</arg>
<doc>Runs the keyword and continues execution even if a failure occurs.</doc>
<status status="NOT RUN" starttime="20220721 01:30:00.312" endtime="20220721 01:30:00.312"/>
</kw>
<status status="NOT RUN" starttime="20220721 01:30:00.312" endtime="20220721 01:30:00.312"/>
</branch>
<status status="PASS" starttime="20220721 01:30:00.312" endtime="20220721 01:30:00.312"/>
</if>
<status status="PASS" starttime="20220721 01:29:58.350" endtime="20220721 01:30:00.312"/>
</branch>
<branch type="ELSE">
<kw name="Run Keyword And Continue On Failure" library="BuiltIn">
<arg>Fail</arg>
<arg>El Elemento ${WEB_ELEMENT} no fue encontrado, verifique la ruta.</arg>
<doc>Runs the keyword and continues execution even if a failure occurs.</doc>
<status status="NOT RUN" starttime="20220721 01:30:00.312" endtime="20220721 01:30:00.312"/>
</kw>
<status status="NOT RUN" starttime="20220721 01:30:00.312" endtime="20220721 01:30:00.312"/>
</branch>
<status status="PASS" starttime="20220721 01:29:58.350" endtime="20220721 01:30:00.312"/>
</if>
<status status="PASS" starttime="20220721 01:29:57.937" endtime="20220721 01:30:00.312"/>
</kw>
<kw name="Log Console and Log" library="Common">
<arg>"Se muestra pantalla de inicio"</arg>
<doc>Allow us to enter a message both in console and in the log</doc>
<kw name="Get Time" library="BuiltIn">
<var>${_timestamp}</var>
<doc>Returns the given time in the requested format.</doc>
<msg timestamp="20220721 01:30:00.312" level="INFO">${_timestamp} = 2022-07-21 01:30:00</msg>
<status status="PASS" starttime="20220721 01:30:00.312" endtime="20220721 01:30:00.312"/>
</kw>
<kw name="Log" library="BuiltIn">
<arg>${message}</arg>
<doc>Logs the given message with the given level.</doc>
<msg timestamp="20220721 01:30:00.312" level="INFO">"Se muestra pantalla de inicio"</msg>
<status status="PASS" starttime="20220721 01:30:00.312" endtime="20220721 01:30:00.312"/>
</kw>
<kw name="Log To Console" library="BuiltIn">
<arg>${_timestamp} -- ${message}</arg>
<doc>Logs the given message to the console.</doc>
<status status="PASS" starttime="20220721 01:30:00.312" endtime="20220721 01:30:00.312"/>
</kw>
<status status="PASS" starttime="20220721 01:30:00.312" endtime="20220721 01:30:00.312"/>
</kw>
<status status="PASS" starttime="20220721 01:29:57.937" endtime="20220721 01:30:00.312"/>
</branch>
<branch type="ELSE">
<kw name="Log Console and Log" library="Common">
<arg>"No se muestra pantalla de inicio"</arg>
<doc>Allow us to enter a message both in console and in the log</doc>
<status status="NOT RUN" starttime="20220721 01:30:00.312" endtime="20220721 01:30:00.312"/>
</kw>
<status status="NOT RUN" starttime="20220721 01:30:00.312" endtime="20220721 01:30:00.312"/>
</branch>
<status status="PASS" starttime="20220721 01:29:57.937" endtime="20220721 01:30:00.312"/>
</if>
<status status="PASS" starttime="20220721 01:29:57.720" endtime="20220721 01:30:00.312"/>
</kw>
<kw name="And Log Out and Close Browser" library="Common">
<kw name="Wait Until Element Is Visible And Enabled" library="Common">
<arg>${BurgerMenuLocator}</arg>
<arg>${Timeout}</arg>
<kw name="Run Keyword And Return Status" library="BuiltIn">
<var>${VISIBLE}</var>
<arg>Wait Until Element Is Visible</arg>
<arg>${WEB_ELEMENT}</arg>
<doc>Runs the given keyword with given arguments and returns the status as a Boolean value.</doc>
<kw name="Wait Until Element Is Visible" library="SeleniumLibrary">
<arg>${WEB_ELEMENT}</arg>
<doc>Waits until the element ``locator`` is visible.</doc>
<status status="PASS" starttime="20220721 01:30:00.312" endtime="20220721 01:30:00.733"/>
</kw>
<msg timestamp="20220721 01:30:00.733" level="INFO">${VISIBLE} = True</msg>
<status status="PASS" starttime="20220721 01:30:00.312" endtime="20220721 01:30:00.733"/>
</kw>
<if>
<branch type="IF" condition="${VISIBLE}">
<kw name="Run Keyword And Return Status" library="BuiltIn">
<var>${ENABLED}</var>
<arg>Wait Until Element Is Enabled</arg>
<arg>${WEB_ELEMENT}</arg>
<doc>Runs the given keyword with given arguments and returns the status as a Boolean value.</doc>
<kw name="Wait Until Element Is Enabled" library="SeleniumLibrary">
<arg>${WEB_ELEMENT}</arg>
<doc>Waits until the element ``locator`` is enabled.</doc>
<status status="PASS" starttime="20220721 01:30:00.733" endtime="20220721 01:30:01.343"/>
</kw>
<msg timestamp="20220721 01:30:01.343" level="INFO">${ENABLED} = True</msg>
<status status="PASS" starttime="20220721 01:30:00.733" endtime="20220721 01:30:01.343"/>
</kw>
<if>
<branch type="IF" condition="${ENABLED}">
<kw name="Get WebElement" library="SeleniumLibrary">
<var>${WebElement}</var>
<arg>${WEB_ELEMENT}</arg>
<doc>Returns the first WebElement matching the given ``locator``.</doc>
<msg timestamp="20220721 01:30:01.548" level="INFO">${WebElement} = &lt;selenium.webdriver.remote.webelement.WebElement (session="41d56c579a06635ba783cfebdadc7b76", element="80c66d11-38fd-4140-9685-112d29cde35c")&gt;</msg>
<status status="PASS" starttime="20220721 01:30:01.343" endtime="20220721 01:30:01.548"/>
</kw>
<kw name="Highlight" library="CustomLibrary">
<arg>${WebElement}</arg>
<doc>Highlights (blinks) a Selenium Webdriver element</doc>
<status status="PASS" starttime="20220721 01:30:01.548" endtime="20220721 01:30:02.694"/>
</kw>
<status status="PASS" starttime="20220721 01:30:01.343" endtime="20220721 01:30:02.694"/>
</branch>
<status status="PASS" starttime="20220721 01:30:01.343" endtime="20220721 01:30:02.694"/>
</if>
<if>
<branch type="IF" condition="not ${ENABLED}">
<kw name="Run Keyword And Continue On Failure" library="BuiltIn">
<arg>Fail</arg>
<arg>El Elemento ${ELEMENT} no se ha habilitado, verifique la ruta.</arg>
<doc>Runs the keyword and continues execution even if a failure occurs.</doc>
<status status="NOT RUN" starttime="20220721 01:30:02.694" endtime="20220721 01:30:02.694"/>
</kw>
<status status="NOT RUN" starttime="20220721 01:30:02.694" endtime="20220721 01:30:02.694"/>
</branch>
<status status="PASS" starttime="20220721 01:30:02.694" endtime="20220721 01:30:02.694"/>
</if>
<status status="PASS" starttime="20220721 01:30:00.733" endtime="20220721 01:30:02.694"/>
</branch>
<branch type="ELSE">
<kw name="Run Keyword And Continue On Failure" library="BuiltIn">
<arg>Fail</arg>
<arg>El Elemento ${WEB_ELEMENT} no fue encontrado, verifique la ruta.</arg>
<doc>Runs the keyword and continues execution even if a failure occurs.</doc>
<status status="NOT RUN" starttime="20220721 01:30:02.694" endtime="20220721 01:30:02.694"/>
</kw>
<status status="NOT RUN" starttime="20220721 01:30:02.694" endtime="20220721 01:30:02.694"/>
</branch>
<status status="PASS" starttime="20220721 01:30:00.733" endtime="20220721 01:30:02.694"/>
</if>
<status status="PASS" starttime="20220721 01:30:00.312" endtime="20220721 01:30:02.694"/>
</kw>
<kw name="Step" library="Common">
<arg>Hacer click en el Menu superior.</arg>
<kw name="Evaluate" library="BuiltIn">
<var>${step_number}</var>
<arg>${step_number} + 1</arg>
<doc>Evaluates the given expression in Python and returns the result.</doc>
<msg timestamp="20220721 01:30:02.694" level="INFO">${step_number} = 5</msg>
<status status="PASS" starttime="20220721 01:30:02.694" endtime="20220721 01:30:02.694"/>
</kw>
<kw name="Log Console and Log" library="Common">
<arg>Step ${step_number}: ${message}</arg>
<doc>Allow us to enter a message both in console and in the log</doc>
<kw name="Get Time" library="BuiltIn">
<var>${_timestamp}</var>
<doc>Returns the given time in the requested format.</doc>
<msg timestamp="20220721 01:30:02.694" level="INFO">${_timestamp} = 2022-07-21 01:30:02</msg>
<status status="PASS" starttime="20220721 01:30:02.694" endtime="20220721 01:30:02.694"/>
</kw>
<kw name="Log" library="BuiltIn">
<arg>${message}</arg>
<doc>Logs the given message with the given level.</doc>
<msg timestamp="20220721 01:30:02.694" level="INFO">Step 5: Hacer click en el Menu superior.</msg>
<status status="PASS" starttime="20220721 01:30:02.694" endtime="20220721 01:30:02.694"/>
</kw>
<kw name="Log To Console" library="BuiltIn">
<arg>${_timestamp} -- ${message}</arg>
<doc>Logs the given message to the console.</doc>
<status status="PASS" starttime="20220721 01:30:02.694" endtime="20220721 01:30:02.694"/>
</kw>
<status status="PASS" starttime="20220721 01:30:02.694" endtime="20220721 01:30:02.694"/>
</kw>
<kw name="Set Test Variable" library="BuiltIn">
<arg>${step_number}</arg>
<doc>Makes a variable available everywhere within the scope of the current test.</doc>
<msg timestamp="20220721 01:30:02.694" level="INFO">${step_number} = 5</msg>
<status status="PASS" starttime="20220721 01:30:02.694" endtime="20220721 01:30:02.694"/>
</kw>
<status status="PASS" starttime="20220721 01:30:02.694" endtime="20220721 01:30:02.694"/>
</kw>
<kw name="Click Element" library="SeleniumLibrary">
<arg>${BurgerMenuLocator}</arg>
<doc>Click the element identified by ``locator``.</doc>
<msg timestamp="20220721 01:30:02.694" level="INFO">Clicking element 'react-burger-menu-btn'.</msg>
<status status="PASS" starttime="20220721 01:30:02.694" endtime="20220721 01:30:03.129"/>
</kw>
<kw name="Wait Until Element Is Visible And Enabled" library="Common">
<arg>${LogOutButtonLocator}</arg>
<arg>${Timeout}</arg>
<kw name="Run Keyword And Return Status" library="BuiltIn">
<var>${VISIBLE}</var>
<arg>Wait Until Element Is Visible</arg>
<arg>${WEB_ELEMENT}</arg>
<doc>Runs the given keyword with given arguments and returns the status as a Boolean value.</doc>
<kw name="Wait Until Element Is Visible" library="SeleniumLibrary">
<arg>${WEB_ELEMENT}</arg>
<doc>Waits until the element ``locator`` is visible.</doc>
<status status="PASS" starttime="20220721 01:30:03.130" endtime="20220721 01:30:03.567"/>
</kw>
<msg timestamp="20220721 01:30:03.567" level="INFO">${VISIBLE} = True</msg>
<status status="PASS" starttime="20220721 01:30:03.129" endtime="20220721 01:30:03.567"/>
</kw>
<if>
<branch type="IF" condition="${VISIBLE}">
<kw name="Run Keyword And Return Status" library="BuiltIn">
<var>${ENABLED}</var>
<arg>Wait Until Element Is Enabled</arg>
<arg>${WEB_ELEMENT}</arg>
<doc>Runs the given keyword with given arguments and returns the status as a Boolean value.</doc>
<kw name="Wait Until Element Is Enabled" library="SeleniumLibrary">
<arg>${WEB_ELEMENT}</arg>
<doc>Waits until the element ``locator`` is enabled.</doc>
<status status="PASS" starttime="20220721 01:30:03.567" endtime="20220721 01:30:04.176"/>
</kw>
<msg timestamp="20220721 01:30:04.176" level="INFO">${ENABLED} = True</msg>
<status status="PASS" starttime="20220721 01:30:03.567" endtime="20220721 01:30:04.176"/>
</kw>
<if>
<branch type="IF" condition="${ENABLED}">
<kw name="Get WebElement" library="SeleniumLibrary">
<var>${WebElement}</var>
<arg>${WEB_ELEMENT}</arg>
<doc>Returns the first WebElement matching the given ``locator``.</doc>
<msg timestamp="20220721 01:30:04.379" level="INFO">${WebElement} = &lt;selenium.webdriver.remote.webelement.WebElement (session="41d56c579a06635ba783cfebdadc7b76", element="28a99ed8-3e00-45eb-a44b-fc15fc9d2ddb")&gt;</msg>
<status status="PASS" starttime="20220721 01:30:04.176" endtime="20220721 01:30:04.379"/>
</kw>
<kw name="Highlight" library="CustomLibrary">
<arg>${WebElement}</arg>
<doc>Highlights (blinks) a Selenium Webdriver element</doc>
<status status="PASS" starttime="20220721 01:30:04.379" endtime="20220721 01:30:05.528"/>
</kw>
<status status="PASS" starttime="20220721 01:30:04.176" endtime="20220721 01:30:05.528"/>
</branch>
<status status="PASS" starttime="20220721 01:30:04.176" endtime="20220721 01:30:05.528"/>
</if>
<if>
<branch type="IF" condition="not ${ENABLED}">
<kw name="Run Keyword And Continue On Failure" library="BuiltIn">
<arg>Fail</arg>
<arg>El Elemento ${ELEMENT} no se ha habilitado, verifique la ruta.</arg>
<doc>Runs the keyword and continues execution even if a failure occurs.</doc>
<status status="NOT RUN" starttime="20220721 01:30:05.528" endtime="20220721 01:30:05.528"/>
</kw>
<status status="NOT RUN" starttime="20220721 01:30:05.528" endtime="20220721 01:30:05.528"/>
</branch>
<status status="PASS" starttime="20220721 01:30:05.528" endtime="20220721 01:30:05.528"/>
</if>
<status status="PASS" starttime="20220721 01:30:03.567" endtime="20220721 01:30:05.528"/>
</branch>
<branch type="ELSE">
<kw name="Run Keyword And Continue On Failure" library="BuiltIn">
<arg>Fail</arg>
<arg>El Elemento ${WEB_ELEMENT} no fue encontrado, verifique la ruta.</arg>
<doc>Runs the keyword and continues execution even if a failure occurs.</doc>
<status status="NOT RUN" starttime="20220721 01:30:05.528" endtime="20220721 01:30:05.528"/>
</kw>
<status status="NOT RUN" starttime="20220721 01:30:05.528" endtime="20220721 01:30:05.528"/>
</branch>
<status status="PASS" starttime="20220721 01:30:03.567" endtime="20220721 01:30:05.528"/>
</if>
<status status="PASS" starttime="20220721 01:30:03.129" endtime="20220721 01:30:05.528"/>
</kw>
<kw name="Step" library="Common">
<arg>Hacer click en el boton LogOut.</arg>
<kw name="Evaluate" library="BuiltIn">
<var>${step_number}</var>
<arg>${step_number} + 1</arg>
<doc>Evaluates the given expression in Python and returns the result.</doc>
<msg timestamp="20220721 01:30:05.528" level="INFO">${step_number} = 6</msg>
<status status="PASS" starttime="20220721 01:30:05.528" endtime="20220721 01:30:05.528"/>
</kw>
<kw name="Log Console and Log" library="Common">
<arg>Step ${step_number}: ${message}</arg>
<doc>Allow us to enter a message both in console and in the log</doc>
<kw name="Get Time" library="BuiltIn">
<var>${_timestamp}</var>
<doc>Returns the given time in the requested format.</doc>
<msg timestamp="20220721 01:30:05.528" level="INFO">${_timestamp} = 2022-07-21 01:30:05</msg>
<status status="PASS" starttime="20220721 01:30:05.528" endtime="20220721 01:30:05.528"/>
</kw>
<kw name="Log" library="BuiltIn">
<arg>${message}</arg>
<doc>Logs the given message with the given level.</doc>
<msg timestamp="20220721 01:30:05.528" level="INFO">Step 6: Hacer click en el boton LogOut.</msg>
<status status="PASS" starttime="20220721 01:30:05.528" endtime="20220721 01:30:05.528"/>
</kw>
<kw name="Log To Console" library="BuiltIn">
<arg>${_timestamp} -- ${message}</arg>
<doc>Logs the given message to the console.</doc>
<status status="PASS" starttime="20220721 01:30:05.528" endtime="20220721 01:30:05.528"/>
</kw>
<status status="PASS" starttime="20220721 01:30:05.528" endtime="20220721 01:30:05.528"/>
</kw>
<kw name="Set Test Variable" library="BuiltIn">
<arg>${step_number}</arg>
<doc>Makes a variable available everywhere within the scope of the current test.</doc>
<msg timestamp="20220721 01:30:05.528" level="INFO">${step_number} = 6</msg>
<status status="PASS" starttime="20220721 01:30:05.528" endtime="20220721 01:30:05.528"/>
</kw>
<status status="PASS" starttime="20220721 01:30:05.528" endtime="20220721 01:30:05.528"/>
</kw>
<kw name="Capture Page Screenshot" library="SeleniumLibrary">
<arg>LogOut.png</arg>
<doc>Takes a screenshot of the current page and embeds it into a log file.</doc>
<msg timestamp="20220721 01:30:05.888" level="INFO" html="true">&lt;/td&gt;&lt;/tr&gt;&lt;tr&gt;&lt;td colspan="3"&gt;&lt;a href="LogOut.png"&gt;&lt;img src="LogOut.png" width="800px"&gt;&lt;/a&gt;</msg>
<status status="PASS" starttime="20220721 01:30:05.528" endtime="20220721 01:30:05.888"/>
</kw>
<kw name="Click Element" library="SeleniumLibrary">
<arg>${LogOutButtonLocator}</arg>
<doc>Click the element identified by ``locator``.</doc>
<msg timestamp="20220721 01:30:05.888" level="INFO">Clicking element 'logout_sidebar_link'.</msg>
<status status="PASS" starttime="20220721 01:30:05.888" endtime="20220721 01:30:06.358"/>
</kw>
<kw name="Run Keyword And Return Status" library="BuiltIn">
<var>${status}</var>
<arg>Page Should Not Contain Element</arg>
<arg>${LogOutButtonLocator}</arg>
<doc>Runs the given keyword with given arguments and returns the status as a Boolean value.</doc>
<kw name="Page Should Not Contain Element" library="SeleniumLibrary">
<arg>${LogOutButtonLocator}</arg>
<doc>Verifies that element ``locator`` is not found on the current page.</doc>
<msg timestamp="20220721 01:30:06.562" level="INFO">Current page does not contain element 'logout_sidebar_link'.</msg>
<status status="PASS" starttime="20220721 01:30:06.358" endtime="20220721 01:30:06.562"/>
</kw>
<msg timestamp="20220721 01:30:06.562" level="INFO">${status} = True</msg>
<status status="PASS" starttime="20220721 01:30:06.358" endtime="20220721 01:30:06.562"/>
</kw>
<if>
<branch type="IF" condition="'${status}'=='True'">
<kw name="Wait Until Element Is Visible And Enabled" library="Common">
<arg>${LoginUsernameInputBox}</arg>
<arg>${Timeout}</arg>
<kw name="Run Keyword And Return Status" library="BuiltIn">
<var>${VISIBLE}</var>
<arg>Wait Until Element Is Visible</arg>
<arg>${WEB_ELEMENT}</arg>
<doc>Runs the given keyword with given arguments and returns the status as a Boolean value.</doc>
<kw name="Wait Until Element Is Visible" library="SeleniumLibrary">
<arg>${WEB_ELEMENT}</arg>
<doc>Waits until the element ``locator`` is visible.</doc>
<status status="PASS" starttime="20220721 01:30:06.564" endtime="20220721 01:30:06.987"/>
</kw>
<msg timestamp="20220721 01:30:06.987" level="INFO">${VISIBLE} = True</msg>
<status status="PASS" starttime="20220721 01:30:06.563" endtime="20220721 01:30:06.987"/>
</kw>
<if>
<branch type="IF" condition="${VISIBLE}">
<kw name="Run Keyword And Return Status" library="BuiltIn">
<var>${ENABLED}</var>
<arg>Wait Until Element Is Enabled</arg>
<arg>${WEB_ELEMENT}</arg>
<doc>Runs the given keyword with given arguments and returns the status as a Boolean value.</doc>
<kw name="Wait Until Element Is Enabled" library="SeleniumLibrary">
<arg>${WEB_ELEMENT}</arg>
<doc>Waits until the element ``locator`` is enabled.</doc>
<status status="PASS" starttime="20220721 01:30:06.987" endtime="20220721 01:30:07.596"/>
</kw>
<msg timestamp="20220721 01:30:07.596" level="INFO">${ENABLED} = True</msg>
<status status="PASS" starttime="20220721 01:30:06.987" endtime="20220721 01:30:07.596"/>
</kw>
<if>
<branch type="IF" condition="${ENABLED}">
<kw name="Get WebElement" library="SeleniumLibrary">
<var>${WebElement}</var>
<arg>${WEB_ELEMENT}</arg>
<doc>Returns the first WebElement matching the given ``locator``.</doc>
<msg timestamp="20220721 01:30:07.799" level="INFO">${WebElement} = &lt;selenium.webdriver.remote.webelement.WebElement (session="41d56c579a06635ba783cfebdadc7b76", element="3dd4659e-2f11-4d51-9d1d-a5008f462f06")&gt;</msg>
<status status="PASS" starttime="20220721 01:30:07.596" endtime="20220721 01:30:07.799"/>
</kw>
<kw name="Highlight" library="CustomLibrary">
<arg>${WebElement}</arg>
<doc>Highlights (blinks) a Selenium Webdriver element</doc>
<status status="PASS" starttime="20220721 01:30:07.799" endtime="20220721 01:30:08.929"/>
</kw>
<status status="PASS" starttime="20220721 01:30:07.596" endtime="20220721 01:30:08.929"/>
</branch>
<status status="PASS" starttime="20220721 01:30:07.596" endtime="20220721 01:30:08.929"/>
</if>
<if>
<branch type="IF" condition="not ${ENABLED}">
<kw name="Run Keyword And Continue On Failure" library="BuiltIn">
<arg>Fail</arg>
<arg>El Elemento ${ELEMENT} no se ha habilitado, verifique la ruta.</arg>
<doc>Runs the keyword and continues execution even if a failure occurs.</doc>
<status status="NOT RUN" starttime="20220721 01:30:08.929" endtime="20220721 01:30:08.929"/>
</kw>
<status status="NOT RUN" starttime="20220721 01:30:08.929" endtime="20220721 01:30:08.929"/>
</branch>
<status status="PASS" starttime="20220721 01:30:08.929" endtime="20220721 01:30:08.929"/>
</if>
<status status="PASS" starttime="20220721 01:30:06.987" endtime="20220721 01:30:08.929"/>
</branch>
<branch type="ELSE">
<kw name="Run Keyword And Continue On Failure" library="BuiltIn">
<arg>Fail</arg>
<arg>El Elemento ${WEB_ELEMENT} no fue encontrado, verifique la ruta.</arg>
<doc>Runs the keyword and continues execution even if a failure occurs.</doc>
<status status="NOT RUN" starttime="20220721 01:30:08.929" endtime="20220721 01:30:08.929"/>
</kw>
<status status="NOT RUN" starttime="20220721 01:30:08.929" endtime="20220721 01:30:08.929"/>
</branch>
<status status="PASS" starttime="20220721 01:30:06.987" endtime="20220721 01:30:08.929"/>
</if>
<status status="PASS" starttime="20220721 01:30:06.563" endtime="20220721 01:30:08.929"/>
</kw>
<kw name="Capture Page Screenshot" library="SeleniumLibrary">
<arg>LoginPage.png</arg>
<doc>Takes a screenshot of the current page and embeds it into a log file.</doc>
<msg timestamp="20220721 01:30:09.210" level="INFO" html="true">&lt;/td&gt;&lt;/tr&gt;&lt;tr&gt;&lt;td colspan="3"&gt;&lt;a href="LoginPage.png"&gt;&lt;img src="LoginPage.png" width="800px"&gt;&lt;/a&gt;</msg>
<status status="PASS" starttime="20220721 01:30:08.929" endtime="20220721 01:30:09.210"/>
</kw>
<kw name="Log Console and Log" library="Common">
<arg>"Finaliza sesión y cierra el navegador"</arg>
<doc>Allow us to enter a message both in console and in the log</doc>
<kw name="Get Time" library="BuiltIn">
<var>${_timestamp}</var>
<doc>Returns the given time in the requested format.</doc>
<msg timestamp="20220721 01:30:09.210" level="INFO">${_timestamp} = 2022-07-21 01:30:09</msg>
<status status="PASS" starttime="20220721 01:30:09.210" endtime="20220721 01:30:09.210"/>
</kw>
<kw name="Log" library="BuiltIn">
<arg>${message}</arg>
<doc>Logs the given message with the given level.</doc>
<msg timestamp="20220721 01:30:09.210" level="INFO">"Finaliza sesión y cierra el navegador"</msg>
<status status="PASS" starttime="20220721 01:30:09.210" endtime="20220721 01:30:09.210"/>
</kw>
<kw name="Log To Console" library="BuiltIn">
<arg>${_timestamp} -- ${message}</arg>
<doc>Logs the given message to the console.</doc>
<status status="PASS" starttime="20220721 01:30:09.212" endtime="20220721 01:30:09.212"/>
</kw>
<status status="PASS" starttime="20220721 01:30:09.210" endtime="20220721 01:30:09.212"/>
</kw>
<kw name="Close Browser" library="SeleniumLibrary">
<doc>Closes the current browser.</doc>
<status status="PASS" starttime="20220721 01:30:09.212" endtime="20220721 01:30:11.524"/>
</kw>
<kw name="Run Process" library="Process">
<var>${result}</var>
<arg>TASKKILL</arg>
<arg>/F</arg>
<arg>/IM</arg>
<arg>chromedriver.exe</arg>
<doc>Runs a process and waits for it to complete.</doc>
<msg timestamp="20220721 01:30:11.524" level="INFO">Starting process:
TASKKILL /F /IM chromedriver.exe</msg>
<msg timestamp="20220721 01:30:11.540" level="INFO">Waiting for process to complete.</msg>
<msg timestamp="20220721 01:30:11.634" level="INFO">Process completed.</msg>
<msg timestamp="20220721 01:30:11.634" level="INFO">${result} = &lt;result object with rc 128&gt;</msg>
<status status="PASS" starttime="20220721 01:30:11.524" endtime="20220721 01:30:11.634"/>
</kw>
<status status="PASS" starttime="20220721 01:30:06.563" endtime="20220721 01:30:11.634"/>
</branch>
<branch type="ELSE">
<kw name="Fail" library="BuiltIn">
<arg>"No se finalizo sesión correctamente"</arg>
<doc>Fails the test with the given message and optionally alters its tags.</doc>
<status status="NOT RUN" starttime="20220721 01:30:11.634" endtime="20220721 01:30:11.634"/>
</kw>
<status status="NOT RUN" starttime="20220721 01:30:11.634" endtime="20220721 01:30:11.634"/>
</branch>
<status status="PASS" starttime="20220721 01:30:06.562" endtime="20220721 01:30:11.634"/>
</if>
<status status="PASS" starttime="20220721 01:30:00.312" endtime="20220721 01:30:11.634"/>
</kw>
<status status="PASS" starttime="20220721 01:29:44.624" endtime="20220721 01:30:11.634"/>
</test>
<test id="s1-t2" name="Verify login with locked user" line="16">
<kw name="Given Login Page is Open" library="LoginPage">
<kw name="Open Browser" library="SeleniumLibrary">
<arg>${URL}</arg>
<arg>Chrome</arg>
<doc>Opens a new browser instance to the optional ``url``.</doc>
<msg timestamp="20220721 01:30:11.634" level="INFO">Opening browser 'Chrome' to base url 'https://www.saucedemo.com/'.</msg>
<status status="PASS" starttime="20220721 01:30:11.634" endtime="20220721 01:30:15.596"/>
</kw>
<kw name="Maximize Browser Window" library="SeleniumLibrary">
<doc>Maximizes current browser window.</doc>
<status status="PASS" starttime="20220721 01:30:15.596" endtime="20220721 01:30:15.924"/>
</kw>
<kw name="Step" library="Common">
<arg>Abrir navegador y nos dirigimos a la url: ${URL}</arg>
<kw name="Evaluate" library="BuiltIn">
<var>${step_number}</var>
<arg>${step_number} + 1</arg>
<doc>Evaluates the given expression in Python and returns the result.</doc>
<msg timestamp="20220721 01:30:15.924" level="INFO">${step_number} = 1</msg>
<status status="PASS" starttime="20220721 01:30:15.924" endtime="20220721 01:30:15.924"/>
</kw>
<kw name="Log Console and Log" library="Common">
<arg>Step ${step_number}: ${message}</arg>
<doc>Allow us to enter a message both in console and in the log</doc>
<kw name="Get Time" library="BuiltIn">
<var>${_timestamp}</var>
<doc>Returns the given time in the requested format.</doc>
<msg timestamp="20220721 01:30:15.924" level="INFO">${_timestamp} = 2022-07-21 01:30:15</msg>
<status status="PASS" starttime="20220721 01:30:15.924" endtime="20220721 01:30:15.924"/>
</kw>
<kw name="Log" library="BuiltIn">
<arg>${message}</arg>
<doc>Logs the given message with the given level.</doc>
<msg timestamp="20220721 01:30:15.924" level="INFO">Step 1: Abrir navegador y nos dirigimos a la url: https://www.saucedemo.com/</msg>
<status status="PASS" starttime="20220721 01:30:15.924" endtime="20220721 01:30:15.924"/>
</kw>
<kw name="Log To Console" library="BuiltIn">
<arg>${_timestamp} -- ${message}</arg>
<doc>Logs the given message to the console.</doc>
<status status="PASS" starttime="20220721 01:30:15.924" endtime="20220721 01:30:15.924"/>
</kw>
<status status="PASS" starttime="20220721 01:30:15.924" endtime="20220721 01:30:15.924"/>
</kw>
<kw name="Set Test Variable" library="BuiltIn">
<arg>${step_number}</arg>
<doc>Makes a variable available everywhere within the scope of the current test.</doc>
<msg timestamp="20220721 01:30:15.924" level="INFO">${step_number} = 1</msg>
<status status="PASS" starttime="20220721 01:30:15.924" endtime="20220721 01:30:15.924"/>
</kw>
<status status="PASS" starttime="20220721 01:30:15.924" endtime="20220721 01:30:15.924"/>
</kw>
<kw name="Set Selenium Speed" library="SeleniumLibrary">
<arg>0.2s</arg>
<doc>Sets the delay that is waited after each Selenium command.</doc>
<status status="PASS" starttime="20220721 01:30:15.924" endtime="20220721 01:30:15.924"/>
</kw>
<kw name="Wait Until Element Is Visible And Enabled" library="Common">
<arg>${LoginUsernameInputBox}</arg>
<arg>${Timeout}</arg>
<kw name="Run Keyword And Return Status" library="BuiltIn">
<var>${VISIBLE}</var>
<arg>Wait Until Element Is Visible</arg>
<arg>${WEB_ELEMENT}</arg>
<doc>Runs the given keyword with given arguments and returns the status as a Boolean value.</doc>
<kw name="Wait Until Element Is Visible" library="SeleniumLibrary">
<arg>${WEB_ELEMENT}</arg>
<doc>Waits until the element ``locator`` is visible.</doc>
<status status="PASS" starttime="20220721 01:30:15.924" endtime="20220721 01:30:16.361"/>
</kw>
<msg timestamp="20220721 01:30:16.361" level="INFO">${VISIBLE} = True</msg>
<status status="PASS" starttime="20220721 01:30:15.924" endtime="20220721 01:30:16.361"/>
</kw>
<if>
<branch type="IF" condition="${VISIBLE}">
<kw name="Run Keyword And Return Status" library="BuiltIn">
<var>${ENABLED}</var>
<arg>Wait Until Element Is Enabled</arg>
<arg>${WEB_ELEMENT}</arg>
<doc>Runs the given keyword with given arguments and returns the status as a Boolean value.</doc>
<kw name="Wait Until Element Is Enabled" library="SeleniumLibrary">
<arg>${WEB_ELEMENT}</arg>
<doc>Waits until the element ``locator`` is enabled.</doc>
<status status="PASS" starttime="20220721 01:30:16.361" endtime="20220721 01:30:17.000"/>
</kw>
<msg timestamp="20220721 01:30:17.000" level="INFO">${ENABLED} = True</msg>
<status status="PASS" starttime="20220721 01:30:16.361" endtime="20220721 01:30:17.000"/>
</kw>
<if>
<branch type="IF" condition="${ENABLED}">
<kw name="Get WebElement" library="SeleniumLibrary">
<var>${WebElement}</var>
<arg>${WEB_ELEMENT}</arg>
<doc>Returns the first WebElement matching the given ``locator``.</doc>
<msg timestamp="20220721 01:30:17.218" level="INFO">${WebElement} = &lt;selenium.webdriver.remote.webelement.WebElement (session="75b27e0d5775cd6b39ca8238982c65d7", element="4facce33-0cd4-4d5c-a2f0-d86b9432b253")&gt;</msg>
<status status="PASS" starttime="20220721 01:30:17.001" endtime="20220721 01:30:17.218"/>
</kw>
<kw name="Highlight" library="CustomLibrary">
<arg>${WebElement}</arg>
<doc>Highlights (blinks) a Selenium Webdriver element</doc>
<status status="PASS" starttime="20220721 01:30:17.218" endtime="20220721 01:30:18.392"/>
</kw>
<status status="PASS" starttime="20220721 01:30:17.000" endtime="20220721 01:30:18.392"/>
</branch>
<status status="PASS" starttime="20220721 01:30:17.000" endtime="20220721 01:30:18.392"/>
</if>
<if>
<branch type="IF" condition="not ${ENABLED}">
<kw name="Run Keyword And Continue On Failure" library="BuiltIn">
<arg>Fail</arg>
<arg>El Elemento ${ELEMENT} no se ha habilitado, verifique la ruta.</arg>
<doc>Runs the keyword and continues execution even if a failure occurs.</doc>
<status status="NOT RUN" starttime="20220721 01:30:18.393" endtime="20220721 01:30:18.393"/>
</kw>
<status status="NOT RUN" starttime="20220721 01:30:18.392" endtime="20220721 01:30:18.393"/>
</branch>
<status status="PASS" starttime="20220721 01:30:18.392" endtime="20220721 01:30:18.393"/>
</if>
<status status="PASS" starttime="20220721 01:30:16.361" endtime="20220721 01:30:18.393"/>
</branch>
<branch type="ELSE">
<kw name="Run Keyword And Continue On Failure" library="BuiltIn">
<arg>Fail</arg>
<arg>El Elemento ${WEB_ELEMENT} no fue encontrado, verifique la ruta.</arg>
<doc>Runs the keyword and continues execution even if a failure occurs.</doc>
<status status="NOT RUN" starttime="20220721 01:30:18.394" endtime="20220721 01:30:18.394"/>
</kw>
<status status="NOT RUN" starttime="20220721 01:30:18.393" endtime="20220721 01:30:18.394"/>
</branch>
<status status="PASS" starttime="20220721 01:30:16.361" endtime="20220721 01:30:18.394"/>
</if>
<status status="PASS" starttime="20220721 01:30:15.924" endtime="20220721 01:30:18.394"/>
</kw>
<status status="PASS" starttime="20220721 01:30:11.634" endtime="20220721 01:30:18.394"/>
</kw>
<kw name="When Input locked username and password" library="LoginPage">
<kw name="Step" library="Common">
<arg>Ingresamos Usuario bloqueado</arg>
<kw name="Evaluate" library="BuiltIn">
<var>${step_number}</var>
<arg>${step_number} + 1</arg>
<doc>Evaluates the given expression in Python and returns the result.</doc>
<msg timestamp="20220721 01:30:18.397" level="INFO">${step_number} = 2</msg>
<status status="PASS" starttime="20220721 01:30:18.396" endtime="20220721 01:30:18.397"/>
</kw>
<kw name="Log Console and Log" library="Common">
<arg>Step ${step_number}: ${message}</arg>
<doc>Allow us to enter a message both in console and in the log</doc>
<kw name="Get Time" library="BuiltIn">
<var>${_timestamp}</var>
<doc>Returns the given time in the requested format.</doc>
<msg timestamp="20220721 01:30:18.398" level="INFO">${_timestamp} = 2022-07-21 01:30:18</msg>
<status status="PASS" starttime="20220721 01:30:18.398" endtime="20220721 01:30:18.398"/>
</kw>
<kw name="Log" library="BuiltIn">
<arg>${message}</arg>
<doc>Logs the given message with the given level.</doc>
<msg timestamp="20220721 01:30:18.398" level="INFO">Step 2: Ingresamos Usuario bloqueado</msg>
<status status="PASS" starttime="20220721 01:30:18.398" endtime="20220721 01:30:18.399"/>
</kw>
<kw name="Log To Console" library="BuiltIn">
<arg>${_timestamp} -- ${message}</arg>
<doc>Logs the given message to the console.</doc>
<status status="PASS" starttime="20220721 01:30:18.399" endtime="20220721 01:30:18.399"/>
</kw>
<status status="PASS" starttime="20220721 01:30:18.397" endtime="20220721 01:30:18.399"/>
</kw>
<kw name="Set Test Variable" library="BuiltIn">
<arg>${step_number}</arg>
<doc>Makes a variable available everywhere within the scope of the current test.</doc>
<msg timestamp="20220721 01:30:18.400" level="INFO">${step_number} = 2</msg>
<status status="PASS" starttime="20220721 01:30:18.400" endtime="20220721 01:30:18.400"/>
</kw>
<status status="PASS" starttime="20220721 01:30:18.396" endtime="20220721 01:30:18.400"/>
</kw>
<kw name="Input Text" library="SeleniumLibrary">
<arg>${LoginUsernameInputBox}</arg>
<arg>${LockedUsername}</arg>
<doc>Types the given ``text`` into the text field identified by ``locator``.</doc>
<msg timestamp="20220721 01:30:18.401" level="INFO">Typing text 'locked_out_user' into text field 'user-name'.</msg>
<status status="PASS" starttime="20220721 01:30:18.401" endtime="20220721 01:30:19.146"/>
</kw>
<kw name="Wait Until Element Is Visible And Enabled" library="Common">
<arg>${LoginPasswordInputBox}</arg>
<arg>${Timeout}</arg>
<kw name="Run Keyword And Return Status" library="BuiltIn">
<var>${VISIBLE}</var>
<arg>Wait Until Element Is Visible</arg>
<arg>${WEB_ELEMENT}</arg>
<doc>Runs the given keyword with given arguments and returns the status as a Boolean value.</doc>
<kw name="Wait Until Element Is Visible" library="SeleniumLibrary">
<arg>${WEB_ELEMENT}</arg>
<doc>Waits until the element ``locator`` is visible.</doc>
<status status="PASS" starttime="20220721 01:30:19.148" endtime="20220721 01:30:19.587"/>
</kw>
<msg timestamp="20220721 01:30:19.587" level="INFO">${VISIBLE} = True</msg>
<status status="PASS" starttime="20220721 01:30:19.147" endtime="20220721 01:30:19.587"/>
</kw>
<if>
<branch type="IF" condition="${VISIBLE}">
<kw name="Run Keyword And Return Status" library="BuiltIn">
<var>${ENABLED}</var>
<arg>Wait Until Element Is Enabled</arg>
<arg>${WEB_ELEMENT}</arg>
<doc>Runs the given keyword with given arguments and returns the status as a Boolean value.</doc>
<kw name="Wait Until Element Is Enabled" library="SeleniumLibrary">
<arg>${WEB_ELEMENT}</arg>
<doc>Waits until the element ``locator`` is enabled.</doc>
<status status="PASS" starttime="20220721 01:30:19.587" endtime="20220721 01:30:20.204"/>
</kw>
<msg timestamp="20220721 01:30:20.204" level="INFO">${ENABLED} = True</msg>
<status status="PASS" starttime="20220721 01:30:19.587" endtime="20220721 01:30:20.204"/>
</kw>
<if>
<branch type="IF" condition="${ENABLED}">
<kw name="Get WebElement" library="SeleniumLibrary">
<var>${WebElement}</var>
<arg>${WEB_ELEMENT}</arg>
<doc>Returns the first WebElement matching the given ``locator``.</doc>
<msg timestamp="20220721 01:30:20.412" level="INFO">${WebElement} = &lt;selenium.webdriver.remote.webelement.WebElement (session="75b27e0d5775cd6b39ca8238982c65d7", element="da08ab72-3118-4a53-b116-e3c14f29b6fd")&gt;</msg>
<status status="PASS" starttime="20220721 01:30:20.204" endtime="20220721 01:30:20.412"/>
</kw>
<kw name="Highlight" library="CustomLibrary">
<arg>${WebElement}</arg>
<doc>Highlights (blinks) a Selenium Webdriver element</doc>
<status status="PASS" starttime="20220721 01:30:20.412" endtime="20220721 01:30:21.546"/>
</kw>
<status status="PASS" starttime="20220721 01:30:20.204" endtime="20220721 01:30:21.546"/>
</branch>
<status status="PASS" starttime="20220721 01:30:20.204" endtime="20220721 01:30:21.546"/>
</if>
<if>
<branch type="IF" condition="not ${ENABLED}">
<kw name="Run Keyword And Continue On Failure" library="BuiltIn">
<arg>Fail</arg>
<arg>El Elemento ${ELEMENT} no se ha habilitado, verifique la ruta.</arg>
<doc>Runs the keyword and continues execution even if a failure occurs.</doc>
<status status="NOT RUN" starttime="20220721 01:30:21.546" endtime="20220721 01:30:21.546"/>
</kw>
<status status="NOT RUN" starttime="20220721 01:30:21.546" endtime="20220721 01:30:21.546"/>
</branch>
<status status="PASS" starttime="20220721 01:30:21.546" endtime="20220721 01:30:21.546"/>
</if>
<status status="PASS" starttime="20220721 01:30:19.587" endtime="20220721 01:30:21.546"/>
</branch>
<branch type="ELSE">
<kw name="Run Keyword And Continue On Failure" library="BuiltIn">
<arg>Fail</arg>
<arg>El Elemento ${WEB_ELEMENT} no fue encontrado, verifique la ruta.</arg>
<doc>Runs the keyword and continues execution even if a failure occurs.</doc>
<status status="NOT RUN" starttime="20220721 01:30:21.546" endtime="20220721 01:30:21.546"/>
</kw>
<status status="NOT RUN" starttime="20220721 01:30:21.546" endtime="20220721 01:30:21.546"/>
</branch>
<status status="PASS" starttime="20220721 01:30:19.587" endtime="20220721 01:30:21.546"/>
</if>
<status status="PASS" starttime="20220721 01:30:19.146" endtime="20220721 01:30:21.546"/>
</kw>
<kw name="Step" library="Common">
<arg>Ingresamos Contraseña</arg>
<kw name="Evaluate" library="BuiltIn">
<var>${step_number}</var>
<arg>${step_number} + 1</arg>
<doc>Evaluates the given expression in Python and returns the result.</doc>
<msg timestamp="20220721 01:30:21.546" level="INFO">${step_number} = 3</msg>
<status status="PASS" starttime="20220721 01:30:21.546" endtime="20220721 01:30:21.546"/>
</kw>
<kw name="Log Console and Log" library="Common">
<arg>Step ${step_number}: ${message}</arg>
<doc>Allow us to enter a message both in console and in the log</doc>
<kw name="Get Time" library="BuiltIn">
<var>${_timestamp}</var>
<doc>Returns the given time in the requested format.</doc>
<msg timestamp="20220721 01:30:21.546" level="INFO">${_timestamp} = 2022-07-21 01:30:21</msg>
<status status="PASS" starttime="20220721 01:30:21.546" endtime="20220721 01:30:21.546"/>
</kw>
<kw name="Log" library="BuiltIn">
<arg>${message}</arg>
<doc>Logs the given message with the given level.</doc>
<msg timestamp="20220721 01:30:21.546" level="INFO">Step 3: Ingresamos Contraseña</msg>
<status status="PASS" starttime="20220721 01:30:21.546" endtime="20220721 01:30:21.546"/>
</kw>
<kw name="Log To Console" library="BuiltIn">
<arg>${_timestamp} -- ${message}</arg>
<doc>Logs the given message to the console.</doc>
<status status="PASS" starttime="20220721 01:30:21.546" endtime="20220721 01:30:21.546"/>
</kw>
<status status="PASS" starttime="20220721 01:30:21.546" endtime="20220721 01:30:21.546"/>
</kw>
<kw name="Set Test Variable" library="BuiltIn">
<arg>${step_number}</arg>
<doc>Makes a variable available everywhere within the scope of the current test.</doc>
<msg timestamp="20220721 01:30:21.546" level="INFO">${step_number} = 3</msg>
<status status="PASS" starttime="20220721 01:30:21.546" endtime="20220721 01:30:21.546"/>
</kw>
<status status="PASS" starttime="20220721 01:30:21.546" endtime="20220721 01:30:21.546"/>
</kw>
<kw name="Input Password" library="SeleniumLibrary">
<arg>${LoginPasswordInputBox}</arg>
<arg>${password}</arg>
<doc>Types the given password into the text field identified by ``locator``.</doc>
<msg timestamp="20220721 01:30:21.546" level="INFO">Typing password into text field 'password'.</msg>
<msg timestamp="20220721 01:30:21.984" level="INFO">Temporally setting log level to: NONE</msg>
<msg timestamp="20220721 01:30:22.246" level="INFO">Log level changed from NONE to INFO.</msg>
<status status="PASS" starttime="20220721 01:30:21.546" endtime="20220721 01:30:22.246"/>
</kw>
<kw name="Wait Until Element Is Visible And Enabled" library="Common">
<arg>${LoginButton}</arg>
<arg>${Timeout}</arg>
<kw name="Run Keyword And Return Status" library="BuiltIn">
<var>${VISIBLE}</var>
<arg>Wait Until Element Is Visible</arg>
<arg>${WEB_ELEMENT}</arg>
<doc>Runs the given keyword with given arguments and returns the status as a Boolean value.</doc>
<kw name="Wait Until Element Is Visible" library="SeleniumLibrary">
<arg>${WEB_ELEMENT}</arg>
<doc>Waits until the element ``locator`` is visible.</doc>
<status status="PASS" starttime="20220721 01:30:22.246" endtime="20220721 01:30:22.655"/>
</kw>
<msg timestamp="20220721 01:30:22.655" level="INFO">${VISIBLE} = True</msg>
<status status="PASS" starttime="20220721 01:30:22.246" endtime="20220721 01:30:22.655"/>
</kw>
<if>
<branch type="IF" condition="${VISIBLE}">
<kw name="Run Keyword And Return Status" library="BuiltIn">
<var>${ENABLED}</var>
<arg>Wait Until Element Is Enabled</arg>
<arg>${WEB_ELEMENT}</arg>
<doc>Runs the given keyword with given arguments and returns the status as a Boolean value.</doc>
<kw name="Wait Until Element Is Enabled" library="SeleniumLibrary">
<arg>${WEB_ELEMENT}</arg>
<doc>Waits until the element ``locator`` is enabled.</doc>
<status status="PASS" starttime="20220721 01:30:22.655" endtime="20220721 01:30:23.267"/>
</kw>
<msg timestamp="20220721 01:30:23.267" level="INFO">${ENABLED} = True</msg>
<status status="PASS" starttime="20220721 01:30:22.655" endtime="20220721 01:30:23.267"/>
</kw>
<if>
<branch type="IF" condition="${ENABLED}">
<kw name="Get WebElement" library="SeleniumLibrary">
<var>${WebElement}</var>
<arg>${WEB_ELEMENT}</arg>
<doc>Returns the first WebElement matching the given ``locator``.</doc>
<msg timestamp="20220721 01:30:23.470" level="INFO">${WebElement} = &lt;selenium.webdriver.remote.webelement.WebElement (session="75b27e0d5775cd6b39ca8238982c65d7", element="ced04e6f-badc-4e8b-9fa3-fe4568ec66b7")&gt;</msg>
<status status="PASS" starttime="20220721 01:30:23.267" endtime="20220721 01:30:23.470"/>
</kw>
<kw name="Highlight" library="CustomLibrary">
<arg>${WebElement}</arg>
<doc>Highlights (blinks) a Selenium Webdriver element</doc>
<status status="PASS" starttime="20220721 01:30:23.470" endtime="20220721 01:30:24.597"/>
</kw>
<status status="PASS" starttime="20220721 01:30:23.267" endtime="20220721 01:30:24.597"/>
</branch>
<status status="PASS" starttime="20220721 01:30:23.267" endtime="20220721 01:30:24.597"/>
</if>
<if>
<branch type="IF" condition="not ${ENABLED}">
<kw name="Run Keyword And Continue On Failure" library="BuiltIn">
<arg>Fail</arg>
<arg>El Elemento ${ELEMENT} no se ha habilitado, verifique la ruta.</arg>
<doc>Runs the keyword and continues execution even if a failure occurs.</doc>
<status status="NOT RUN" starttime="20220721 01:30:24.597" endtime="20220721 01:30:24.597"/>
</kw>
<status status="NOT RUN" starttime="20220721 01:30:24.597" endtime="20220721 01:30:24.597"/>
</branch>
<status status="PASS" starttime="20220721 01:30:24.597" endtime="20220721 01:30:24.597"/>
</if>
<status status="PASS" starttime="20220721 01:30:22.655" endtime="20220721 01:30:24.597"/>
</branch>
<branch type="ELSE">
<kw name="Run Keyword And Continue On Failure" library="BuiltIn">
<arg>Fail</arg>
<arg>El Elemento ${WEB_ELEMENT} no fue encontrado, verifique la ruta.</arg>
<doc>Runs the keyword and continues execution even if a failure occurs.</doc>
<status status="NOT RUN" starttime="20220721 01:30:24.597" endtime="20220721 01:30:24.597"/>
</kw>
<status status="NOT RUN" starttime="20220721 01:30:24.597" endtime="20220721 01:30:24.597"/>
</branch>
<status status="PASS" starttime="20220721 01:30:22.655" endtime="20220721 01:30:24.597"/>
</if>
<status status="PASS" starttime="20220721 01:30:22.246" endtime="20220721 01:30:24.597"/>
</kw>
<kw name="Step" library="Common">
<arg>Hacer Click en el boton de Login.</arg>
<kw name="Evaluate" library="BuiltIn">
<var>${step_number}</var>
<arg>${step_number} + 1</arg>
<doc>Evaluates the given expression in Python and returns the result.</doc>
<msg timestamp="20220721 01:30:24.597" level="INFO">${step_number} = 4</msg>
<status status="PASS" starttime="20220721 01:30:24.597" endtime="20220721 01:30:24.597"/>
</kw>
<kw name="Log Console and Log" library="Common">
<arg>Step ${step_number}: ${message}</arg>
<doc>Allow us to enter a message both in console and in the log</doc>
<kw name="Get Time" library="BuiltIn">
<var>${_timestamp}</var>
<doc>Returns the given time in the requested format.</doc>
<msg timestamp="20220721 01:30:24.597" level="INFO">${_timestamp} = 2022-07-21 01:30:24</msg>
<status status="PASS" starttime="20220721 01:30:24.597" endtime="20220721 01:30:24.597"/>
</kw>
<kw name="Log" library="BuiltIn">
<arg>${message}</arg>
<doc>Logs the given message with the given level.</doc>
<msg timestamp="20220721 01:30:24.597" level="INFO">Step 4: Hacer Click en el boton de Login.</msg>
<status status="PASS" starttime="20220721 01:30:24.597" endtime="20220721 01:30:24.597"/>
</kw>
<kw name="Log To Console" library="BuiltIn">
<arg>${_timestamp} -- ${message}</arg>
<doc>Logs the given message to the console.</doc>
<status status="PASS" starttime="20220721 01:30:24.597" endtime="20220721 01:30:24.597"/>
</kw>
<status status="PASS" starttime="20220721 01:30:24.597" endtime="20220721 01:30:24.597"/>
</kw>
<kw name="Set Test Variable" library="BuiltIn">
<arg>${step_number}</arg>
<doc>Makes a variable available everywhere within the scope of the current test.</doc>
<msg timestamp="20220721 01:30:24.597" level="INFO">${step_number} = 4</msg>
<status status="PASS" starttime="20220721 01:30:24.597" endtime="20220721 01:30:24.597"/>
</kw>
<status status="PASS" starttime="20220721 01:30:24.597" endtime="20220721 01:30:24.597"/>
</kw>
<kw name="Click Element" library="SeleniumLibrary">
<arg>${LoginButton}</arg>
<doc>Click the element identified by ``locator``.</doc>
<msg timestamp="20220721 01:30:24.597" level="INFO">Clicking element 'login-button'.</msg>
<status status="PASS" starttime="20220721 01:30:24.597" endtime="20220721 01:30:25.047"/>
</kw>
<kw name="Run Keyword And Return Status" library="BuiltIn">
<var>${status}</var>
<arg>Wait Until Element Is Visible And Enabled</arg>
<arg>${LockedUsernameMessage}</arg>
<arg>${Timeout}</arg>
<doc>Runs the given keyword with given arguments and returns the status as a Boolean value.</doc>
<kw name="Wait Until Element Is Visible And Enabled" library="Common">
<arg>${LockedUsernameMessage}</arg>
<arg>${Timeout}</arg>
<kw name="Run Keyword And Return Status" library="BuiltIn">
<var>${VISIBLE}</var>
<arg>Wait Until Element Is Visible</arg>
<arg>${WEB_ELEMENT}</arg>
<doc>Runs the given keyword with given arguments and returns the status as a Boolean value.</doc>
<kw name="Wait Until Element Is Visible" library="SeleniumLibrary">
<arg>${WEB_ELEMENT}</arg>
<doc>Waits until the element ``locator`` is visible.</doc>
<status status="PASS" starttime="20220721 01:30:25.047" endtime="20220721 01:30:25.453"/>
</kw>
<msg timestamp="20220721 01:30:25.453" level="INFO">${VISIBLE} = True</msg>
<status status="PASS" starttime="20220721 01:30:25.047" endtime="20220721 01:30:25.453"/>
</kw>
<if>
<branch type="IF" condition="${VISIBLE}">
<kw name="Run Keyword And Return Status" library="BuiltIn">
<var>${ENABLED}</var>
<arg>Wait Until Element Is Enabled</arg>
<arg>${WEB_ELEMENT}</arg>
<doc>Runs the given keyword with given arguments and returns the status as a Boolean value.</doc>
<kw name="Wait Until Element Is Enabled" library="SeleniumLibrary">
<arg>${WEB_ELEMENT}</arg>
<doc>Waits until the element ``locator`` is enabled.</doc>
<status status="PASS" starttime="20220721 01:30:25.453" endtime="20220721 01:30:26.074"/>
</kw>
<msg timestamp="20220721 01:30:26.074" level="INFO">${ENABLED} = True</msg>
<status status="PASS" starttime="20220721 01:30:25.453" endtime="20220721 01:30:26.074"/>
</kw>
<if>
<branch type="IF" condition="${ENABLED}">
<kw name="Get WebElement" library="SeleniumLibrary">
<var>${WebElement}</var>
<arg>${WEB_ELEMENT}</arg>
<doc>Returns the first WebElement matching the given ``locator``.</doc>
<msg timestamp="20220721 01:30:26.288" level="INFO">${WebElement} = &lt;selenium.webdriver.remote.webelement.WebElement (session="75b27e0d5775cd6b39ca8238982c65d7", element="3a030406-14af-43af-b280-e067e69909bd")&gt;</msg>
<status status="PASS" starttime="20220721 01:30:26.074" endtime="20220721 01:30:26.288"/>
</kw>
<kw name="Highlight" library="CustomLibrary">
<arg>${WebElement}</arg>
<doc>Highlights (blinks) a Selenium Webdriver element</doc>
<status status="PASS" starttime="20220721 01:30:26.288" endtime="20220721 01:30:27.429"/>
</kw>
<status status="PASS" starttime="20220721 01:30:26.074" endtime="20220721 01:30:27.429"/>
</branch>
<status status="PASS" starttime="20220721 01:30:26.074" endtime="20220721 01:30:27.429"/>
</if>
<if>
<branch type="IF" condition="not ${ENABLED}">
<kw name="Run Keyword And Continue On Failure" library="BuiltIn">
<arg>Fail</arg>
<arg>El Elemento ${ELEMENT} no se ha habilitado, verifique la ruta.</arg>
<doc>Runs the keyword and continues execution even if a failure occurs.</doc>
<status status="NOT RUN" starttime="20220721 01:30:27.429" endtime="20220721 01:30:27.429"/>
</kw>
<status status="NOT RUN" starttime="20220721 01:30:27.429" endtime="20220721 01:30:27.429"/>
</branch>
<status status="PASS" starttime="20220721 01:30:27.429" endtime="20220721 01:30:27.429"/>
</if>
<status status="PASS" starttime="20220721 01:30:25.453" endtime="20220721 01:30:27.429"/>
</branch>
<branch type="ELSE">
<kw name="Run Keyword And Continue On Failure" library="BuiltIn">
<arg>Fail</arg>
<arg>El Elemento ${WEB_ELEMENT} no fue encontrado, verifique la ruta.</arg>
<doc>Runs the keyword and continues execution even if a failure occurs.</doc>
<status status="NOT RUN" starttime="20220721 01:30:27.429" endtime="20220721 01:30:27.429"/>
</kw>
<status status="NOT RUN" starttime="20220721 01:30:27.429" endtime="20220721 01:30:27.429"/>
</branch>
<status status="PASS" starttime="20220721 01:30:25.453" endtime="20220721 01:30:27.429"/>
</if>
<status status="PASS" starttime="20220721 01:30:25.047" endtime="20220721 01:30:27.429"/>
</kw>
<msg timestamp="20220721 01:30:27.429" level="INFO">${status} = True</msg>
<status status="PASS" starttime="20220721 01:30:25.047" endtime="20220721 01:30:27.429"/>
</kw>
<if>
<branch type="IF" condition="'${status}'=='True'">
<kw name="Get Text" library="SeleniumLibrary">
<var>${message}</var>
<arg>${LockedUsernameMessage}</arg>
<doc>Returns the text value of the element identified by ``locator``.</doc>
<msg timestamp="20220721 01:30:27.851" level="INFO">${message} = Epic sadface: Sorry, this user has been locked out.</msg>
<status status="PASS" starttime="20220721 01:30:27.429" endtime="20220721 01:30:27.851"/>
</kw>
<kw name="Should Be Equal" library="BuiltIn">
<arg>${message}</arg>
<arg>${ErrorMessage}</arg>
<doc>Fails if the given objects are unequal.</doc>
<status status="PASS" starttime="20220721 01:30:27.851" endtime="20220721 01:30:27.851"/>
</kw>
<kw name="Log Console and Log" library="Common">
<arg>El mensaje mostrado es: ${message}</arg>
<doc>Allow us to enter a message both in console and in the log</doc>
<kw name="Get Time" library="BuiltIn">
<var>${_timestamp}</var>
<doc>Returns the given time in the requested format.</doc>
<msg timestamp="20220721 01:30:27.851" level="INFO">${_timestamp} = 2022-07-21 01:30:27</msg>
<status status="PASS" starttime="20220721 01:30:27.851" endtime="20220721 01:30:27.851"/>
</kw>
<kw name="Log" library="BuiltIn">
<arg>${message}</arg>
<doc>Logs the given message with the given level.</doc>
<msg timestamp="20220721 01:30:27.851" level="INFO">El mensaje mostrado es: Epic sadface: Sorry, this user has been locked out.</msg>
<status status="PASS" starttime="20220721 01:30:27.851" endtime="20220721 01:30:27.851"/>
</kw>
<kw name="Log To Console" library="BuiltIn">
<arg>${_timestamp} -- ${message}</arg>
<doc>Logs the given message to the console.</doc>
<status status="PASS" starttime="20220721 01:30:27.851" endtime="20220721 01:30:27.851"/>
</kw>
<status status="PASS" starttime="20220721 01:30:27.851" endtime="20220721 01:30:27.851"/>
</kw>
<kw name="Close Browser" library="SeleniumLibrary">
<doc>Closes the current browser.</doc>
<status status="PASS" starttime="20220721 01:30:27.851" endtime="20220721 01:30:31.627"/>
</kw>
<status status="PASS" starttime="20220721 01:30:27.429" endtime="20220721 01:30:31.627"/>
</branch>
<status status="PASS" starttime="20220721 01:30:27.429" endtime="20220721 01:30:31.627"/>
</if>
<status status="PASS" starttime="20220721 01:30:18.395" endtime="20220721 01:30:31.627"/>
</kw>
<status status="PASS" starttime="20220721 01:30:11.634" endtime="20220721 01:30:31.627"/>
</test>
<test id="s1-t3" name="Add and Remove products from the shopping cart" line="20">
<kw name="Given Login Page is Open" library="LoginPage">
<kw name="Open Browser" library="SeleniumLibrary">
<arg>${URL}</arg>
<arg>Chrome</arg>
<doc>Opens a new browser instance to the optional ``url``.</doc>
<msg timestamp="20220721 01:30:31.627" level="INFO">Opening browser 'Chrome' to base url 'https://www.saucedemo.com/'.</msg>
<status status="PASS" starttime="20220721 01:30:31.627" endtime="20220721 01:30:35.480"/>
</kw>
<kw name="Maximize Browser Window" library="SeleniumLibrary">
<doc>Maximizes current browser window.</doc>
<status status="PASS" starttime="20220721 01:30:35.480" endtime="20220721 01:30:35.808"/>
</kw>
<kw name="Step" library="Common">
<arg>Abrir navegador y nos dirigimos a la url: ${URL}</arg>
<kw name="Evaluate" library="BuiltIn">
<var>${step_number}</var>
<arg>${step_number} + 1</arg>
<doc>Evaluates the given expression in Python and returns the result.</doc>
<msg timestamp="20220721 01:30:35.808" level="INFO">${step_number} = 1</msg>
<status status="PASS" starttime="20220721 01:30:35.808" endtime="20220721 01:30:35.808"/>
</kw>
<kw name="Log Console and Log" library="Common">
<arg>Step ${step_number}: ${message}</arg>
<doc>Allow us to enter a message both in console and in the log</doc>
<kw name="Get Time" library="BuiltIn">
<var>${_timestamp}</var>
<doc>Returns the given time in the requested format.</doc>
<msg timestamp="20220721 01:30:35.808" level="INFO">${_timestamp} = 2022-07-21 01:30:35</msg>
<status status="PASS" starttime="20220721 01:30:35.808" endtime="20220721 01:30:35.808"/>
</kw>
<kw name="Log" library="BuiltIn">
<arg>${message}</arg>
<doc>Logs the given message with the given level.</doc>
<msg timestamp="20220721 01:30:35.808" level="INFO">Step 1: Abrir navegador y nos dirigimos a la url: https://www.saucedemo.com/</msg>
<status status="PASS" starttime="20220721 01:30:35.808" endtime="20220721 01:30:35.808"/>
</kw>
<kw name="Log To Console" library="BuiltIn">
<arg>${_timestamp} -- ${message}</arg>
<doc>Logs the given message to the console.</doc>
<status status="PASS" starttime="20220721 01:30:35.808" endtime="20220721 01:30:35.808"/>
</kw>
<status status="PASS" starttime="20220721 01:30:35.808" endtime="20220721 01:30:35.808"/>
</kw>
<kw name="Set Test Variable" library="BuiltIn">
[...]
<arg>${WEB_ELEMENT}</arg>
<doc>Runs the given keyword with given arguments and returns the status as a Boolean value.</doc>
<kw name="Wait Until Element Is Enabled" library="SeleniumLibrary">
<arg>${WEB_ELEMENT}</arg>
<doc>Waits until the element ``locator`` is enabled.</doc>
<status status="PASS" starttime="20220721 01:32:33.971" endtime="20220721 01:32:34.580"/>
</kw>
<msg timestamp="20220721 01:32:34.580" level="INFO">${ENABLED} = True</msg>
<status status="PASS" starttime="20220721 01:32:33.971" endtime="20220721 01:32:34.580"/>
</kw>
<if>
<branch type="IF" condition="${ENABLED}">
<kw name="Get WebElement" library="SeleniumLibrary">
<var>${WebElement}</var>
<arg>${WEB_ELEMENT}</arg>
<doc>Returns the first WebElement matching the given ``locator``.</doc>
<msg timestamp="20220721 01:32:34.783" level="INFO">${WebElement} = &lt;selenium.webdriver.remote.webelement.WebElement (session="e3fe1e86dee4103d72cb258d44458d91", element="3a518772-887f-44ff-a016-7aba94fe14b0")&gt;</msg>
<status status="PASS" starttime="20220721 01:32:34.580" endtime="20220721 01:32:34.783"/>
</kw>
<kw name="Highlight" library="CustomLibrary">
<arg>${WebElement}</arg>
<doc>Highlights (blinks) a Selenium Webdriver element</doc>
<status status="PASS" starttime="20220721 01:32:34.783" endtime="20220721 01:32:35.909"/>
</kw>
<status status="PASS" starttime="20220721 01:32:34.580" endtime="20220721 01:32:35.909"/>
</branch>
<status status="PASS" starttime="20220721 01:32:34.580" endtime="20220721 01:32:35.909"/>
</if>
<if>
<branch type="IF" condition="not ${ENABLED}">
<kw name="Run Keyword And Continue On Failure" library="BuiltIn">
<arg>Fail</arg>
<arg>El Elemento ${ELEMENT} no se ha habilitado, verifique la ruta.</arg>
<doc>Runs the keyword and continues execution even if a failure occurs.</doc>
<status status="NOT RUN" starttime="20220721 01:32:35.909" endtime="20220721 01:32:35.909"/>
</kw>
<status status="NOT RUN" starttime="20220721 01:32:35.909" endtime="20220721 01:32:35.909"/>
</branch>
<status status="PASS" starttime="20220721 01:32:35.909" endtime="20220721 01:32:35.909"/>
</if>
<status status="PASS" starttime="20220721 01:32:33.971" endtime="20220721 01:32:35.909"/>
</branch>
<branch type="ELSE">
<kw name="Run Keyword And Continue On Failure" library="BuiltIn">
<arg>Fail</arg>
<arg>El Elemento ${WEB_ELEMENT} no fue encontrado, verifique la ruta.</arg>
<doc>Runs the keyword and continues execution even if a failure occurs.</doc>
<status status="NOT RUN" starttime="20220721 01:32:35.909" endtime="20220721 01:32:35.909"/>
</kw>
<status status="NOT RUN" starttime="20220721 01:32:35.909" endtime="20220721 01:32:35.909"/>
</branch>
<status status="PASS" starttime="20220721 01:32:33.971" endtime="20220721 01:32:35.909"/>
</if>
<status status="PASS" starttime="20220721 01:32:33.562" endtime="20220721 01:32:35.909"/>
</kw>
<kw name="Step" library="Common">
<arg>Hacer click en el Menu superior.</arg>
<kw name="Evaluate" library="BuiltIn">
<var>${step_number}</var>
<arg>${step_number} + 1</arg>
<doc>Evaluates the given expression in Python and returns the result.</doc>
<msg timestamp="20220721 01:32:35.909" level="INFO">${step_number} = 13</msg>
<status status="PASS" starttime="20220721 01:32:35.909" endtime="20220721 01:32:35.909"/>
</kw>
<kw name="Log Console and Log" library="Common">
<arg>Step ${step_number}: ${message}</arg>
<doc>Allow us to enter a message both in console and in the log</doc>
<kw name="Get Time" library="BuiltIn">
<var>${_timestamp}</var>
<doc>Returns the given time in the requested format.</doc>
<msg timestamp="20220721 01:32:35.909" level="INFO">${_timestamp} = 2022-07-21 01:32:35</msg>
<status status="PASS" starttime="20220721 01:32:35.909" endtime="20220721 01:32:35.909"/>
</kw>
<kw name="Log" library="BuiltIn">
<arg>${message}</arg>
<doc>Logs the given message with the given level.</doc>
<msg timestamp="20220721 01:32:35.909" level="INFO">Step 13: Hacer click en el Menu superior.</msg>
<status status="PASS" starttime="20220721 01:32:35.909" endtime="20220721 01:32:35.909"/>
</kw>
<kw name="Log To Console" library="BuiltIn">
<arg>${_timestamp} -- ${message}</arg>
<doc>Logs the given message to the console.</doc>
<status status="PASS" starttime="20220721 01:32:35.909" endtime="20220721 01:32:35.909"/>
</kw>
<status status="PASS" starttime="20220721 01:32:35.909" endtime="20220721 01:32:35.909"/>
</kw>
<kw name="Set Test Variable" library="BuiltIn">
<arg>${step_number}</arg>
<doc>Makes a variable available everywhere within the scope of the current test.</doc>
<msg timestamp="20220721 01:32:35.909" level="INFO">${step_number} = 13</msg>
<status status="PASS" starttime="20220721 01:32:35.909" endtime="20220721 01:32:35.909"/>
</kw>
<status status="PASS" starttime="20220721 01:32:35.909" endtime="20220721 01:32:35.909"/>
</kw>
<kw name="Click Element" library="SeleniumLibrary">
<arg>${BurgerMenuLocator}</arg>
<doc>Click the element identified by ``locator``.</doc>
<msg timestamp="20220721 01:32:35.909" level="INFO">Clicking element 'react-burger-menu-btn'.</msg>
<status status="PASS" starttime="20220721 01:32:35.909" endtime="20220721 01:32:36.371"/>
</kw>
<kw name="Wait Until Element Is Visible And Enabled" library="Common">
<arg>${LogOutButtonLocator}</arg>
<arg>${Timeout}</arg>
<kw name="Run Keyword And Return Status" library="BuiltIn">
<var>${VISIBLE}</var>
<arg>Wait Until Element Is Visible</arg>
<arg>${WEB_ELEMENT}</arg>
<doc>Runs the given keyword with given arguments and returns the status as a Boolean value.</doc>
<kw name="Wait Until Element Is Visible" library="SeleniumLibrary">
<arg>${WEB_ELEMENT}</arg>
<doc>Waits until the element ``locator`` is visible.</doc>
<status status="PASS" starttime="20220721 01:32:36.372" endtime="20220721 01:32:36.804"/>
</kw>
<msg timestamp="20220721 01:32:36.804" level="INFO">${VISIBLE} = True</msg>
<status status="PASS" starttime="20220721 01:32:36.371" endtime="20220721 01:32:36.804"/>
</kw>
<if>
<branch type="IF" condition="${VISIBLE}">
<kw name="Run Keyword And Return Status" library="BuiltIn">
<var>${ENABLED}</var>
<arg>Wait Until Element Is Enabled</arg>
<arg>${WEB_ELEMENT}</arg>
<doc>Runs the given keyword with given arguments and returns the status as a Boolean value.</doc>
<kw name="Wait Until Element Is Enabled" library="SeleniumLibrary">
<arg>${WEB_ELEMENT}</arg>
<doc>Waits until the element ``locator`` is enabled.</doc>
<status status="PASS" starttime="20220721 01:32:36.804" endtime="20220721 01:32:37.413"/>
</kw>
<msg timestamp="20220721 01:32:37.413" level="INFO">${ENABLED} = True</msg>
<status status="PASS" starttime="20220721 01:32:36.804" endtime="20220721 01:32:37.413"/>
</kw>
<if>
<branch type="IF" condition="${ENABLED}">
<kw name="Get WebElement" library="SeleniumLibrary">
<var>${WebElement}</var>
<arg>${WEB_ELEMENT}</arg>
<doc>Returns the first WebElement matching the given ``locator``.</doc>
<msg timestamp="20220721 01:32:37.616" level="INFO">${WebElement} = &lt;selenium.webdriver.remote.webelement.WebElement (session="e3fe1e86dee4103d72cb258d44458d91", element="3ba8dcda-d868-47e7-82d8-7c727849543f")&gt;</msg>
<status status="PASS" starttime="20220721 01:32:37.413" endtime="20220721 01:32:37.616"/>
</kw>
<kw name="Highlight" library="CustomLibrary">
<arg>${WebElement}</arg>
<doc>Highlights (blinks) a Selenium Webdriver element</doc>
<status status="PASS" starttime="20220721 01:32:37.616" endtime="20220721 01:32:38.751"/>
</kw>
<status status="PASS" starttime="20220721 01:32:37.413" endtime="20220721 01:32:38.751"/>
</branch>
<status status="PASS" starttime="20220721 01:32:37.413" endtime="20220721 01:32:38.751"/>
</if>
<if>
<branch type="IF" condition="not ${ENABLED}">
<kw name="Run Keyword And Continue On Failure" library="BuiltIn">
<arg>Fail</arg>
<arg>El Elemento ${ELEMENT} no se ha habilitado, verifique la ruta.</arg>
<doc>Runs the keyword and continues execution even if a failure occurs.</doc>
<status status="NOT RUN" starttime="20220721 01:32:38.751" endtime="20220721 01:32:38.751"/>
</kw>
<status status="NOT RUN" starttime="20220721 01:32:38.751" endtime="20220721 01:32:38.751"/>
</branch>
<status status="PASS" starttime="20220721 01:32:38.751" endtime="20220721 01:32:38.751"/>
</if>
<status status="PASS" starttime="20220721 01:32:36.804" endtime="20220721 01:32:38.751"/>
</branch>
<branch type="ELSE">
<kw name="Run Keyword And Continue On Failure" library="BuiltIn">
<arg>Fail</arg>
<arg>El Elemento ${WEB_ELEMENT} no fue encontrado, verifique la ruta.</arg>
<doc>Runs the keyword and continues execution even if a failure occurs.</doc>
<status status="NOT RUN" starttime="20220721 01:32:38.751" endtime="20220721 01:32:38.751"/>
</kw>
<status status="NOT RUN" starttime="20220721 01:32:38.751" endtime="20220721 01:32:38.751"/>
</branch>
<status status="PASS" starttime="20220721 01:32:36.804" endtime="20220721 01:32:38.751"/>
</if>
<status status="PASS" starttime="20220721 01:32:36.371" endtime="20220721 01:32:38.751"/>
</kw>
<kw name="Step" library="Common">
<arg>Hacer click en el boton LogOut.</arg>
<kw name="Evaluate" library="BuiltIn">
<var>${step_number}</var>
<arg>${step_number} + 1</arg>
<doc>Evaluates the given expression in Python and returns the result.</doc>
<msg timestamp="20220721 01:32:38.751" level="INFO">${step_number} = 14</msg>
<status status="PASS" starttime="20220721 01:32:38.751" endtime="20220721 01:32:38.751"/>
</kw>
<kw name="Log Console and Log" library="Common">
<arg>Step ${step_number}: ${message}</arg>
<doc>Allow us to enter a message both in console and in the log</doc>
<kw name="Get Time" library="BuiltIn">
<var>${_timestamp}</var>
<doc>Returns the given time in the requested format.</doc>
<msg timestamp="20220721 01:32:38.751" level="INFO">${_timestamp} = 2022-07-21 01:32:38</msg>
<status status="PASS" starttime="20220721 01:32:38.751" endtime="20220721 01:32:38.751"/>
</kw>
<kw name="Log" library="BuiltIn">
<arg>${message}</arg>
<doc>Logs the given message with the given level.</doc>
<msg timestamp="20220721 01:32:38.751" level="INFO">Step 14: Hacer click en el boton LogOut.</msg>
<status status="PASS" starttime="20220721 01:32:38.751" endtime="20220721 01:32:38.751"/>
</kw>
<kw name="Log To Console" library="BuiltIn">
<arg>${_timestamp} -- ${message}</arg>
<doc>Logs the given message to the console.</doc>
<status status="PASS" starttime="20220721 01:32:38.751" endtime="20220721 01:32:38.751"/>
</kw>
<status status="PASS" starttime="20220721 01:32:38.751" endtime="20220721 01:32:38.751"/>
</kw>
<kw name="Set Test Variable" library="BuiltIn">
<arg>${step_number}</arg>
<doc>Makes a variable available everywhere within the scope of the current test.</doc>
<msg timestamp="20220721 01:32:38.751" level="INFO">${step_number} = 14</msg>
<status status="PASS" starttime="20220721 01:32:38.751" endtime="20220721 01:32:38.751"/>
</kw>
<status status="PASS" starttime="20220721 01:32:38.751" endtime="20220721 01:32:38.751"/>
</kw>
<kw name="Capture Page Screenshot" library="SeleniumLibrary">
<arg>LogOut.png</arg>
<doc>Takes a screenshot of the current page and embeds it into a log file.</doc>
<msg timestamp="20220721 01:32:39.047" level="INFO" html="true">&lt;/td&gt;&lt;/tr&gt;&lt;tr&gt;&lt;td colspan="3"&gt;&lt;a href="LogOut.png"&gt;&lt;img src="LogOut.png" width="800px"&gt;&lt;/a&gt;</msg>
<status status="PASS" starttime="20220721 01:32:38.751" endtime="20220721 01:32:39.047"/>
</kw>
<kw name="Click Element" library="SeleniumLibrary">
<arg>${LogOutButtonLocator}</arg>
<doc>Click the element identified by ``locator``.</doc>
<msg timestamp="20220721 01:32:39.047" level="INFO">Clicking element 'logout_sidebar_link'.</msg>
<status status="PASS" starttime="20220721 01:32:39.047" endtime="20220721 01:32:39.489"/>
</kw>
<kw name="Run Keyword And Return Status" library="BuiltIn">
<var>${status}</var>
<arg>Page Should Not Contain Element</arg>
<arg>${LogOutButtonLocator}</arg>
<doc>Runs the given keyword with given arguments and returns the status as a Boolean value.</doc>
<kw name="Page Should Not Contain Element" library="SeleniumLibrary">
<arg>${LogOutButtonLocator}</arg>
<doc>Verifies that element ``locator`` is not found on the current page.</doc>
<msg timestamp="20220721 01:32:39.699" level="INFO">Current page does not contain element 'logout_sidebar_link'.</msg>
<status status="PASS" starttime="20220721 01:32:39.489" endtime="20220721 01:32:39.699"/>
</kw>
<msg timestamp="20220721 01:32:39.699" level="INFO">${status} = True</msg>
<status status="PASS" starttime="20220721 01:32:39.489" endtime="20220721 01:32:39.699"/>
</kw>
<if>
<branch type="IF" condition="'${status}'=='True'">
<kw name="Wait Until Element Is Visible And Enabled" library="Common">
<arg>${LoginUsernameInputBox}</arg>
<arg>${Timeout}</arg>
<kw name="Run Keyword And Return Status" library="BuiltIn">
<var>${VISIBLE}</var>
<arg>Wait Until Element Is Visible</arg>
<arg>${WEB_ELEMENT}</arg>
<doc>Runs the given keyword with given arguments and returns the status as a Boolean value.</doc>
<kw name="Wait Until Element Is Visible" library="SeleniumLibrary">
<arg>${WEB_ELEMENT}</arg>
<doc>Waits until the element ``locator`` is visible.</doc>
<status status="PASS" starttime="20220721 01:32:39.700" endtime="20220721 01:32:40.124"/>
</kw>
<msg timestamp="20220721 01:32:40.124" level="INFO">${VISIBLE} = True</msg>
<status status="PASS" starttime="20220721 01:32:39.700" endtime="20220721 01:32:40.124"/>
</kw>
<if>
<branch type="IF" condition="${VISIBLE}">
<kw name="Run Keyword And Return Status" library="BuiltIn">
<var>${ENABLED}</var>
<arg>Wait Until Element Is Enabled</arg>
<arg>${WEB_ELEMENT}</arg>
<doc>Runs the given keyword with given arguments and returns the status as a Boolean value.</doc>
<kw name="Wait Until Element Is Enabled" library="SeleniumLibrary">
<arg>${WEB_ELEMENT}</arg>
<doc>Waits until the element ``locator`` is enabled.</doc>
<status status="PASS" starttime="20220721 01:32:40.124" endtime="20220721 01:32:40.733"/>
</kw>
<msg timestamp="20220721 01:32:40.733" level="INFO">${ENABLED} = True</msg>
<status status="PASS" starttime="20220721 01:32:40.124" endtime="20220721 01:32:40.733"/>
</kw>
<if>
<branch type="IF" condition="${ENABLED}">
<kw name="Get WebElement" library="SeleniumLibrary">
<var>${WebElement}</var>
<arg>${WEB_ELEMENT}</arg>
<doc>Returns the first WebElement matching the given ``locator``.</doc>
<msg timestamp="20220721 01:32:40.936" level="INFO">${WebElement} = &lt;selenium.webdriver.remote.webelement.WebElement (session="e3fe1e86dee4103d72cb258d44458d91", element="6d1e34e6-daa2-4b50-96ef-b018edd7d131")&gt;</msg>
<status status="PASS" starttime="20220721 01:32:40.733" endtime="20220721 01:32:40.936"/>
</kw>
<kw name="Highlight" library="CustomLibrary">
<arg>${WebElement}</arg>
<doc>Highlights (blinks) a Selenium Webdriver element</doc>
<status status="PASS" starttime="20220721 01:32:40.936" endtime="20220721 01:32:42.082"/>
</kw>
<status status="PASS" starttime="20220721 01:32:40.733" endtime="20220721 01:32:42.082"/>
</branch>
<status status="PASS" starttime="20220721 01:32:40.733" endtime="20220721 01:32:42.082"/>
</if>
<if>
<branch type="IF" condition="not ${ENABLED}">
<kw name="Run Keyword And Continue On Failure" library="BuiltIn">
<arg>Fail</arg>
<arg>El Elemento ${ELEMENT} no se ha habilitado, verifique la ruta.</arg>
<doc>Runs the keyword and continues execution even if a failure occurs.</doc>
<status status="NOT RUN" starttime="20220721 01:32:42.082" endtime="20220721 01:32:42.082"/>
</kw>
<status status="NOT RUN" starttime="20220721 01:32:42.082" endtime="20220721 01:32:42.082"/>
</branch>
<status status="PASS" starttime="20220721 01:32:42.082" endtime="20220721 01:32:42.082"/>
</if>
<status status="PASS" starttime="20220721 01:32:40.124" endtime="20220721 01:32:42.082"/>
</branch>
<branch type="ELSE">
<kw name="Run Keyword And Continue On Failure" library="BuiltIn">
<arg>Fail</arg>
<arg>El Elemento ${WEB_ELEMENT} no fue encontrado, verifique la ruta.</arg>
<doc>Runs the keyword and continues execution even if a failure occurs.</doc>
<status status="NOT RUN" starttime="20220721 01:32:42.082" endtime="20220721 01:32:42.082"/>
</kw>
<status status="NOT RUN" starttime="20220721 01:32:42.082" endtime="20220721 01:32:42.082"/>
</branch>
<status status="PASS" starttime="20220721 01:32:40.124" endtime="20220721 01:32:42.082"/>
</if>
<status status="PASS" starttime="20220721 01:32:39.699" endtime="20220721 01:32:42.082"/>
</kw>
<kw name="Capture Page Screenshot" library="SeleniumLibrary">
<arg>LoginPage.png</arg>
<doc>Takes a screenshot of the current page and embeds it into a log file.</doc>
<msg timestamp="20220721 01:32:42.364" level="INFO" html="true">&lt;/td&gt;&lt;/tr&gt;&lt;tr&gt;&lt;td colspan="3"&gt;&lt;a href="LoginPage.png"&gt;&lt;img src="LoginPage.png" width="800px"&gt;&lt;/a&gt;</msg>
<status status="PASS" starttime="20220721 01:32:42.082" endtime="20220721 01:32:42.364"/>
</kw>
<kw name="Log Console and Log" library="Common">
<arg>"Finaliza sesión y cierra el navegador"</arg>
<doc>Allow us to enter a message both in console and in the log</doc>
<kw name="Get Time" library="BuiltIn">
<var>${_timestamp}</var>
<doc>Returns the given time in the requested format.</doc>
<msg timestamp="20220721 01:32:42.364" level="INFO">${_timestamp} = 2022-07-21 01:32:42</msg>
<status status="PASS" starttime="20220721 01:32:42.364" endtime="20220721 01:32:42.364"/>
</kw>
<kw name="Log" library="BuiltIn">
<arg>${message}</arg>
<doc>Logs the given message with the given level.</doc>
<msg timestamp="20220721 01:32:42.364" level="INFO">"Finaliza sesión y cierra el navegador"</msg>
<status status="PASS" starttime="20220721 01:32:42.364" endtime="20220721 01:32:42.364"/>
</kw>
<kw name="Log To Console" library="BuiltIn">
<arg>${_timestamp} -- ${message}</arg>
<doc>Logs the given message to the console.</doc>
<status status="PASS" starttime="20220721 01:32:42.364" endtime="20220721 01:32:42.364"/>
</kw>
<status status="PASS" starttime="20220721 01:32:42.364" endtime="20220721 01:32:42.364"/>
</kw>
<kw name="Close Browser" library="SeleniumLibrary">
<doc>Closes the current browser.</doc>
<status status="PASS" starttime="20220721 01:32:42.364" endtime="20220721 01:32:44.668"/>
</kw>
<kw name="Run Process" library="Process">
<var>${result}</var>
<arg>TASKKILL</arg>
<arg>/F</arg>
<arg>/IM</arg>
<arg>chromedriver.exe</arg>
<doc>Runs a process and waits for it to complete.</doc>
<msg timestamp="20220721 01:32:44.668" level="INFO">Starting process:
TASKKILL /F /IM chromedriver.exe</msg>
<msg timestamp="20220721 01:32:44.668" level="INFO">Waiting for process to complete.</msg>
<msg timestamp="20220721 01:32:44.762" level="INFO">Process completed.</msg>
<msg timestamp="20220721 01:32:44.762" level="INFO">${result} = &lt;result object with rc 128&gt;</msg>
<status status="PASS" starttime="20220721 01:32:44.668" endtime="20220721 01:32:44.762"/>
</kw>
<status status="PASS" starttime="20220721 01:32:39.699" endtime="20220721 01:32:44.762"/>
</branch>
<branch type="ELSE">
<kw name="Fail" library="BuiltIn">
<arg>"No se finalizo sesión correctamente"</arg>
<doc>Fails the test with the given message and optionally alters its tags.</doc>
<status status="NOT RUN" starttime="20220721 01:32:44.762" endtime="20220721 01:32:44.762"/>
</kw>
<status status="NOT RUN" starttime="20220721 01:32:44.762" endtime="20220721 01:32:44.762"/>
</branch>
<status status="PASS" starttime="20220721 01:32:39.699" endtime="20220721 01:32:44.762"/>
</if>
<status status="PASS" starttime="20220721 01:32:33.562" endtime="20220721 01:32:44.762"/>
</kw>
<status status="PASS" starttime="20220721 01:31:49.705" endtime="20220721 01:32:44.762"/>
</test>
<status status="PASS" starttime="20220721 01:29:44.311" endtime="20220721 01:32:44.777"/>
</suite>
<statistics>
<total>
<stat pass="5" fail="0" skip="0">All Tests</stat>
</total>
<tag>
</tag>
<suite>
<stat pass="5" fail="0" skip="0" id="s1" name="SwagLabs-Robotframework">SwagLabs-Robotframework</stat>
</suite>
</statistics>
<errors>
</errors>
</robot>
